16:26:21 - Prism: 1 - stLval - Face 1 - not enabled
16:26:21 - Prism: 1 - stLval - Face 2 - not enabled
16:26:21 - Prism: 2 - ref100, angleH: 0.0115, angleV: 89.7952, Distance: 1091.49, Lockmode: Long Range Finelock Mode
16:26:40 - Prism: 2 - DoMeasure success.
16:26:40 - Prism: 2 - ref100, angleH: 200.012, angleV: 310.205, Distance: 1091.49, Lockmode: Long Range Finelock Mode
16:26:58 - Prism: 2 - DoMeasure success.
16:26:58 - Prism: 3 - F02 - Face 1 - not enabled
16:26:58 - Prism: 3 - F02 - Face 2 - not enabled
16:26:58 - Prism: 4 - REF0200, angleH: 73.7947, angleV: 97.9128, Distance: 819.185, Lockmode: Long Range Finelock Mode
16:27:16 - Prism: 4 - DoMeasure success.
16:27:17 - Prism: 4 - REF0200, angleH: 273.795, angleV: 302.087, Distance: 819.185, Lockmode: Long Range Finelock Mode
16:27:35 - Prism: 4 - DoMeasure success.
16:27:35 - Prism: 5 - D014 - Face 1 - not enabled
16:27:35 - Prism: 5 - D014 - Face 2 - not enabled
16:27:35 - Prism: 6 - A015, angleH: 20.4082, angleV: 81.3884, Distance: 2328.78, Lockmode: Long Range Finelock Mode
16:27:53 - Prism: 6 - DoMeasure success.
16:27:53 - Prism: 6 - A015, angleH: 220.408, angleV: 318.612, Distance: 2328.78, Lockmode: Long Range Finelock Mode
16:28:12 - Prism: 6 - DoMeasure success.
16:28:12 - Prism: 7 - A016, angleH: 22.2227, angleV: 81.2121, Distance: 2324.48, Lockmode: Long Range Finelock Mode
16:28:30 - Prism: 7 - DoMeasure success.
16:28:30 - Prism: 7 - A016, angleH: 222.223, angleV: 318.788, Distance: 2324.48, Lockmode: Long Range Finelock Mode
16:28:48 - Prism: 7 - DoMeasure success.
16:28:48 - Prism: 8 - A013, angleH: 20.8733, angleV: 81.7409, Distance: 2235.91, Lockmode: Long Range Finelock Mode
16:29:06 - Prism: 8 - DoMeasure success.
16:29:06 - Prism: 8 - A013, angleH: 220.873, angleV: 318.259, Distance: 2235.91, Lockmode: Long Range Finelock Mode
16:29:24 - Prism: 8 - DoMeasure success.
16:29:24 - Prism: 9 - A014, angleH: 23.646, angleV: 81.7505, Distance: 2223.44, Lockmode: Long Range Finelock Mode
16:29:43 - Prism: 9 - DoMeasure success.
16:29:43 - Prism: 9 - A014, angleH: 223.646, angleV: 318.25, Distance: 2223.44, Lockmode: Long Range Finelock Mode
16:30:02 - Prism: 9 - DoMeasure success.
16:30:02 - Prism: 10 - A012, angleH: 21.264, angleV: 83.474, Distance: 1988.72, Lockmode: Long Range Finelock Mode
16:30:20 - Prism: 10 - DoMeasure success.
16:30:21 - Prism: 10 - A012, angleH: 221.264, angleV: 316.526, Distance: 1988.72, Lockmode: Long Range Finelock Mode
16:30:39 - Prism: 10 - DoMeasure success.
16:30:39 - Prism: 11 - A011, angleH: 24.8036, angleV: 83.8805, Distance: 1886.07, Lockmode: Long Range Finelock Mode
16:30:57 - Prism: 11 - DoMeasure success.
16:30:57 - Prism: 11 - A011, angleH: 224.804, angleV: 316.12, Distance: 1886.07, Lockmode: Long Range Finelock Mode
16:31:15 - Prism: 11 - DoMeasure success.
16:31:15 - Prism: 12 - A08, angleH: 30.8716, angleV: 83.2296, Distance: 1889.31, Lockmode: Long Range Finelock Mode
16:31:34 - Prism: 12 - DoMeasure success.
16:31:34 - Prism: 12 - A08, angleH: 230.872, angleV: 316.77, Distance: 1889.31, Lockmode: Long Range Finelock Mode
16:31:53 - Prism: 12 - DoMeasure success.
16:31:53 - Prism: 13 - A04, angleH: 17.1629, angleV: 85.9566, Distance: 1717, Lockmode: Long Range Finelock Mode
16:32:11 - Prism: 13 - DoMeasure success.
16:32:12 - Prism: 13 - A04, angleH: 217.163, angleV: 314.043, Distance: 1717, Lockmode: Long Range Finelock Mode
16:32:30 - Prism: 13 - DoMeasure success.
16:32:30 - Prism: 14 - A05, angleH: 18.4331, angleV: 85.8019, Distance: 1666.77, Lockmode: Long Range Finelock Mode
16:32:48 - Prism: 14 - DoMeasure success.
16:32:48 - Prism: 14 - A05, angleH: 218.433, angleV: 314.198, Distance: 1666.77, Lockmode: Long Range Finelock Mode
16:33:07 - Prism: 14 - DoMeasure success.
16:33:07 - Prism: 15 - A07, angleH: 28.2551, angleV: 85.6009, Distance: 1643.71, Lockmode: Long Range Finelock Mode
16:33:25 - Prism: 15 - DoMeasure success.
16:33:25 - Prism: 15 - A07, angleH: 228.255, angleV: 314.399, Distance: 1643.71, Lockmode: Long Range Finelock Mode
16:33:44 - Prism: 15 - DoMeasure success.
16:33:44 - Prism: 16 - A09, angleH: 26.7206, angleV: 87.2721, Distance: 1452.84, Lockmode: Long Range Finelock Mode
16:34:03 - Prism: 16 - DoMeasure success.
16:34:03 - Prism: 16 - A09, angleH: 226.721, angleV: 312.728, Distance: 1452.84, Lockmode: Long Range Finelock Mode
16:34:21 - Prism: 16 - DoMeasure success.
16:34:21 - Prism: 17 - A010, angleH: 31.8095, angleV: 87.2528, Distance: 1445.69, Lockmode: Long Range Finelock Mode
16:34:40 - Prism: 17 - DoMeasure success.
16:34:40 - Prism: 17 - A010, angleH: 231.81, angleV: 312.747, Distance: 1445.69, Lockmode: Long Range Finelock Mode
16:34:58 - Prism: 17 - DoMeasure success.
16:34:58 - Prism: 18 - A02, angleH: 36.394, angleV: 86.6457, Distance: 1460.77, Lockmode: Long Range Finelock Mode
16:35:16 - Prism: 18 - DoMeasure success.
16:35:16 - Prism: 18 - A02, angleH: 236.394, angleV: 313.354, Distance: 1460.77, Lockmode: Long Range Finelock Mode
16:35:35 - Prism: 18 - DoMeasure success.
16:35:35 - Prism: 19 - C02, angleH: 26.1602, angleV: 90.9752, Distance: 1015.34, Lockmode: Long Range Finelock Mode
16:35:53 - Prism: 19 - DoMeasure success.
16:35:53 - Prism: 19 - C02, angleH: 226.16, angleV: 309.025, Distance: 1015.34, Lockmode: Long Range Finelock Mode
16:36:11 - Prism: 19 - DoMeasure success.
16:36:11 - Prism: 20 - C01, angleH: 31.1817, angleV: 91.2202, Distance: 1049.66, Lockmode: Long Range Finelock Mode
16:36:29 - Prism: 20 - DoMeasure success.
16:36:30 - Prism: 20 - C01, angleH: 231.182, angleV: 308.78, Distance: 1049.66, Lockmode: Long Range Finelock Mode
16:36:48 - Prism: 20 - DoMeasure success.
16:36:48 - Prism: 21 - C03, angleH: 25.947, angleV: 92.3908, Distance: 899.554, Lockmode: Long Range Finelock Mode
16:37:06 - Prism: 21 - DoMeasure success.
16:37:07 - Prism: 21 - C03, angleH: 225.947, angleV: 307.609, Distance: 899.554, Lockmode: Long Range Finelock Mode
16:37:25 - Prism: 21 - DoMeasure success.
16:37:25 - Prism: 22 - C04, angleH: 30.8165, angleV: 92.5272, Distance: 868.678, Lockmode: Long Range Finelock Mode
16:37:43 - Prism: 22 - DoMeasure success.
16:37:43 - Prism: 22 - C04, angleH: 230.816, angleV: 307.473, Distance: 868.678, Lockmode: Long Range Finelock Mode
16:38:01 - Prism: 22 - DoMeasure success.
16:38:01 - Prism: 23 - D017, angleH: 23.383, angleV: 93.4638, Distance: 792.499, Lockmode: Long Range Finelock Mode
16:38:19 - Prism: 23 - DoMeasure success.
16:38:19 - Prism: 23 - D017, angleH: 223.383, angleV: 306.536, Distance: 792.499, Lockmode: Long Range Finelock Mode
16:38:37 - Prism: 23 - DoMeasure success.
16:38:37 - Prism: 24 - D018, angleH: 27.2731, angleV: 93.1846, Distance: 784.385, Lockmode: Long Range Finelock Mode
16:38:55 - Prism: 24 - DoMeasure success.
16:38:56 - Prism: 24 - D018, angleH: 227.273, angleV: 306.815, Distance: 784.385, Lockmode: Long Range Finelock Mode
16:39:13 - Prism: 24 - DoMeasure success.
16:39:13 - Prism: 25 - D019, angleH: 33.119, angleV: 93.7703, Distance: 771.886, Lockmode: Long Range Finelock Mode
16:39:32 - Prism: 25 - DoMeasure success.
16:39:32 - Prism: 25 - D019, angleH: 233.119, angleV: 306.23, Distance: 771.886, Lockmode: Long Range Finelock Mode
16:39:50 - Prism: 25 - DoMeasure success.
16:39:50 - Prism: 26 - C05, angleH: 34.4877, angleV: 94.5086, Distance: 712.034, Lockmode: Long Range Finelock Mode
16:40:08 - Prism: 26 - DoMeasure success.
16:40:08 - Prism: 26 - C05, angleH: 234.488, angleV: 305.491, Distance: 712.034, Lockmode: Long Range Finelock Mode
16:40:27 - Prism: 26 - DoMeasure success.
16:40:27 - Prism: 27 - C06, angleH: 32.7371, angleV: 94.3285, Distance: 710.047, Lockmode: Long Range Finelock Mode
16:40:45 - Prism: 27 - DoMeasure success.
16:40:45 - Prism: 27 - C06, angleH: 232.737, angleV: 305.671, Distance: 710.047, Lockmode: Long Range Finelock Mode
16:41:03 - Prism: 27 - DoMeasure success.
16:41:03 - Prism: 28 - C07, angleH: 30.8823, angleV: 94.219, Distance: 708.985, Lockmode: Long Range Finelock Mode
16:41:22 - Prism: 28 - DoMeasure success.
16:41:22 - Prism: 28 - C07, angleH: 230.882, angleV: 305.781, Distance: 708.985, Lockmode: Long Range Finelock Mode
16:41:40 - Prism: 28 - DoMeasure success.
16:41:40 - Prism: 29 - C08, angleH: 29.0071, angleV: 94.1726, Distance: 708.277, Lockmode: Long Range Finelock Mode
16:41:59 - Prism: 29 - DoMeasure success.
16:41:59 - Prism: 29 - C08, angleH: 229.007, angleV: 305.827, Distance: 708.277, Lockmode: Long Range Finelock Mode
16:42:17 - Prism: 29 - DoMeasure success.
16:42:17 - Prism: 30 - C09, angleH: 27.1704, angleV: 94.2004, Distance: 708.15, Lockmode: Long Range Finelock Mode
16:42:36 - Prism: 30 - DoMeasure success.
16:42:36 - Prism: 30 - C09, angleH: 227.17, angleV: 305.8, Distance: 708.15, Lockmode: Long Range Finelock Mode
16:42:54 - Prism: 30 - DoMeasure success.
16:42:54 - Prism: 31 - C012, angleH: 23.6784, angleV: 94.6776, Distance: 709.076, Lockmode: Long Range Finelock Mode
16:43:12 - Prism: 31 - DoMeasure success.
16:43:12 - Prism: 31 - C012, angleH: 223.678, angleV: 305.322, Distance: 709.076, Lockmode: Long Range Finelock Mode
16:43:30 - Prism: 31 - DoMeasure success.
16:43:30 - Prism: 32 - C013, angleH: 21.8844, angleV: 94.8065, Distance: 710.445, Lockmode: Long Range Finelock Mode
16:43:49 - Prism: 32 - DoMeasure success.
16:43:49 - Prism: 32 - C013, angleH: 221.884, angleV: 305.193, Distance: 710.445, Lockmode: Long Range Finelock Mode
16:44:08 - Prism: 32 - DoMeasure success.
16:44:08 - Prism: 33 - C014, angleH: 20.0779, angleV: 94.6965, Distance: 712.686, Lockmode: Long Range Finelock Mode
16:44:26 - Prism: 33 - DoMeasure success.
16:44:27 - Prism: 33 - C014, angleH: 220.078, angleV: 305.303, Distance: 712.686, Lockmode: Long Range Finelock Mode
16:44:44 - Prism: 33 - DoMeasure success.
16:44:45 - Prism: 34 - C015, angleH: 17.7297, angleV: 94.2236, Distance: 726.219, Lockmode: Long Range Finelock Mode
16:45:02 - Prism: 34 - DoMeasure success.
16:45:03 - Prism: 34 - C015, angleH: 217.73, angleV: 305.776, Distance: 726.219, Lockmode: Long Range Finelock Mode
16:45:21 - Prism: 34 - DoMeasure success.
16:45:21 - Prism: 35 - E01, angleH: 23.7022, angleV: 96.0208, Distance: 611.922, Lockmode: Long Range Finelock Mode
16:45:38 - Prism: 35 - DoMeasure success.
16:45:39 - Prism: 35 - E01, angleH: 223.702, angleV: 303.979, Distance: 611.922, Lockmode: Long Range Finelock Mode
16:45:57 - Prism: 35 - DoMeasure success.
16:45:57 - Prism: 36 - E02, angleH: 30.8301, angleV: 95.7946, Distance: 601.015, Lockmode: Long Range Finelock Mode
16:46:15 - Prism: 36 - DoMeasure success.
16:46:15 - Prism: 36 - E02, angleH: 230.83, angleV: 304.205, Distance: 601.015, Lockmode: Long Range Finelock Mode
16:46:33 - Prism: 36 - DoMeasure success.
16:46:33 - Prism: 37 - D013, angleH: 37.4005, angleV: 97.67, Distance: 572.08, Lockmode: Long Range Finelock Mode
16:46:51 - Prism: 37 - DoMeasure success.
16:46:51 - Prism: 37 - D013, angleH: 237.4, angleV: 302.33, Distance: 572.08, Lockmode: Long Range Finelock Mode
16:47:09 - Prism: 37 - DoMeasure success.
16:47:09 - Prism: 38 - E06, angleH: 33.8396, angleV: 98.7909, Distance: 543.559, Lockmode: Long Range Finelock Mode
16:47:27 - Prism: 38 - DoMeasure success.
16:47:27 - Prism: 38 - E06, angleH: 233.84, angleV: 301.209, Distance: 543.559, Lockmode: Long Range Finelock Mode
16:47:45 - Prism: 38 - DoMeasure success.
16:47:45 - Prism: 39 - F03, angleH: 26.1045, angleV: 97.9348, Distance: 533.16, Lockmode: Long Range Finelock Mode
16:48:02 - Prism: 39 - DoMeasure success.
16:48:03 - Prism: 39 - F03, angleH: 226.105, angleV: 302.065, Distance: 533.16, Lockmode: Long Range Finelock Mode
16:48:21 - Prism: 39 - DoMeasure success.
16:48:21 - Prism: 40 - D015, angleH: 19.6758, angleV: 96.6789, Distance: 576.729, Lockmode: Long Range Finelock Mode
16:48:39 - Prism: 40 - DoMeasure success.
16:48:39 - Prism: 40 - D015, angleH: 219.676, angleV: 303.321, Distance: 576.729, Lockmode: Long Range Finelock Mode
16:48:57 - Prism: 40 - DoMeasure success.
16:48:58 - Prism: 41 - F07, angleH: 19.2587, angleV: 99.1965, Distance: 497.064, Lockmode: Long Range Finelock Mode
16:49:15 - Prism: 41 - DoMeasure success.
16:49:16 - Prism: 41 - F07, angleH: 219.259, angleV: 300.803, Distance: 497.064, Lockmode: Long Range Finelock Mode
16:49:33 - Prism: 41 - DoMeasure success.
16:49:33 - Prism: 42 - E03, angleH: 23.7713, angleV: 99.1818, Distance: 506.001, Lockmode: Long Range Finelock Mode
16:49:52 - Prism: 42 - DoMeasure success.
16:49:52 - Prism: 42 - E03, angleH: 223.771, angleV: 300.818, Distance: 506.001, Lockmode: Long Range Finelock Mode
16:50:09 - Prism: 42 - DoMeasure success.
16:50:10 - Prism: 43 - F08, angleH: 33.2077, angleV: 101.044, Distance: 480.376, Lockmode: Long Range Finelock Mode
16:50:28 - Prism: 43 - DoMeasure success.
16:50:28 - Prism: 43 - F08, angleH: 233.208, angleV: 298.956, Distance: 480.376, Lockmode: Long Range Finelock Mode
16:50:46 - Prism: 43 - DoMeasure success.
16:50:46 - Prism: 44 - E05, angleH: 36.2579, angleV: 101.318, Distance: 478.633, Lockmode: Long Range Finelock Mode
16:51:04 - Prism: 44 - DoMeasure success.
16:51:04 - Prism: 44 - E05, angleH: 236.258, angleV: 298.682, Distance: 478.633, Lockmode: Long Range Finelock Mode
16:51:21 - Prism: 44 - DoMeasure success.
16:51:21 - Prism: 45 - D012, angleH: 44.7371, angleV: 101.694, Distance: 476.717, Lockmode: Long Range Finelock Mode
16:51:39 - Prism: 45 - DoMeasure success.
16:51:40 - Prism: 45 - D012, angleH: 244.737, angleV: 298.306, Distance: 476.717, Lockmode: Long Range Finelock Mode
16:51:57 - Prism: 45 - DoMeasure success.
16:51:57 - Prism: 46 - F09, angleH: 39.5513, angleV: 104.783, Distance: 417.459, Lockmode: Long Range Finelock Mode
16:52:15 - Prism: 46 - DoMeasure success.
16:52:15 - Prism: 46 - F09, angleH: 239.551, angleV: 295.217, Distance: 417.459, Lockmode: Long Range Finelock Mode
16:52:33 - Prism: 46 - DoMeasure success.
16:52:33 - Prism: 47 - F05, angleH: 27.0866, angleV: 104.166, Distance: 407.93, Lockmode: Long Range Finelock Mode
16:52:52 - Prism: 47 - DoMeasure success.
16:52:52 - Prism: 47 - F05, angleH: 227.087, angleV: 295.834, Distance: 407.93, Lockmode: Long Range Finelock Mode
16:53:09 - Prism: 47 - DoMeasure success.
16:53:09 - Prism: 48 - F04, angleH: 22.3684, angleV: 103.584, Distance: 409.812, Lockmode: Long Range Finelock Mode
16:53:27 - Prism: 48 - DoMeasure success.
16:53:27 - Prism: 48 - F04, angleH: 222.368, angleV: 296.416, Distance: 409.812, Lockmode: Long Range Finelock Mode
16:53:33 - Prism: 48 - Domeasure failed (-1).
16:53:38 - RoundsOK is (0).
Failed to create ISsiServo interface.
16:53:39 - Exit from functin StartMonitoring.
