09:37:13 - Prism: 1 - stLval - Face 1 - not enabled
09:37:13 - Prism: 1 - stLval - Face 2 - not enabled
09:37:13 - Prism: 2 - ref100, angleH: 0.0115, angleV: 89.7952, Distance: 1091.49, Lockmode: Long Range Finelock Mode
09:37:32 - Prism: 2 - DoMeasure success.
09:37:32 - Prism: 2 - ref100, angleH: 200.012, angleV: 310.205, Distance: 1091.49, Lockmode: Long Range Finelock Mode
09:37:51 - Prism: 2 - DoMeasure success.
09:37:51 - Prism: 3 - F02 - Face 1 - not enabled
09:37:52 - Prism: 3 - F02 - Face 2 - not enabled
09:37:52 - Prism: 4 - REF0200, angleH: 73.7947, angleV: 97.9128, Distance: 819.185, Lockmode: Long Range Finelock Mode
09:38:10 - Prism: 4 - DoMeasure success.
09:38:10 - Prism: 4 - REF0200, angleH: 273.795, angleV: 302.087, Distance: 819.185, Lockmode: Long Range Finelock Mode
09:38:29 - Prism: 4 - DoMeasure success.
09:38:29 - Prism: 5 - D014 - Face 1 - not enabled
09:38:29 - Prism: 5 - D014 - Face 2 - not enabled
09:38:29 - Prism: 6 - A015, angleH: 20.4082, angleV: 81.3884, Distance: 2328.78, Lockmode: Long Range Finelock Mode
09:38:48 - Prism: 6 - DoMeasure success.
09:38:48 - Prism: 6 - A015, angleH: 220.408, angleV: 318.612, Distance: 2328.78, Lockmode: Long Range Finelock Mode
09:39:06 - Prism: 6 - DoMeasure success.
09:39:06 - Prism: 7 - A016, angleH: 22.2227, angleV: 81.2121, Distance: 2324.48, Lockmode: Long Range Finelock Mode
09:39:25 - Prism: 7 - DoMeasure success.
09:39:25 - Prism: 7 - A016, angleH: 222.223, angleV: 318.788, Distance: 2324.48, Lockmode: Long Range Finelock Mode
09:39:44 - Prism: 7 - DoMeasure success.
09:39:44 - Prism: 8 - A013, angleH: 20.8733, angleV: 81.7409, Distance: 2235.91, Lockmode: Long Range Finelock Mode
09:40:03 - Prism: 8 - DoMeasure success.
09:40:03 - Prism: 8 - A013, angleH: 220.873, angleV: 318.259, Distance: 2235.91, Lockmode: Long Range Finelock Mode
09:40:21 - Prism: 8 - DoMeasure success.
09:40:21 - Prism: 9 - A014, angleH: 23.646, angleV: 81.7505, Distance: 2223.44, Lockmode: Long Range Finelock Mode
09:40:40 - Prism: 9 - DoMeasure success.
09:40:40 - Prism: 9 - A014, angleH: 223.646, angleV: 318.25, Distance: 2223.44, Lockmode: Long Range Finelock Mode
09:40:59 - Prism: 9 - DoMeasure success.
09:40:59 - Prism: 10 - A012, angleH: 21.264, angleV: 83.474, Distance: 1988.72, Lockmode: Long Range Finelock Mode
09:41:18 - Prism: 10 - DoMeasure success.
09:41:19 - Prism: 10 - A012, angleH: 221.264, angleV: 316.526, Distance: 1988.72, Lockmode: Long Range Finelock Mode
09:41:37 - Prism: 10 - DoMeasure success.
09:41:37 - Prism: 11 - A011, angleH: 24.8036, angleV: 83.8805, Distance: 1886.07, Lockmode: Long Range Finelock Mode
09:41:55 - Prism: 11 - DoMeasure success.
09:41:56 - Prism: 11 - A011, angleH: 224.804, angleV: 316.12, Distance: 1886.07, Lockmode: Long Range Finelock Mode
09:42:14 - Prism: 11 - DoMeasure success.
09:42:14 - Prism: 12 - A08, angleH: 30.8716, angleV: 83.2296, Distance: 1889.31, Lockmode: Long Range Finelock Mode
09:42:33 - Prism: 12 - DoMeasure success.
09:42:33 - Prism: 12 - A08, angleH: 230.872, angleV: 316.77, Distance: 1889.31, Lockmode: Long Range Finelock Mode
09:42:51 - Prism: 12 - DoMeasure success.
09:42:51 - Prism: 13 - A04, angleH: 17.1629, angleV: 85.9566, Distance: 1717, Lockmode: Long Range Finelock Mode
09:43:10 - Prism: 13 - DoMeasure success.
09:43:10 - Prism: 13 - A04, angleH: 217.163, angleV: 314.043, Distance: 1717, Lockmode: Long Range Finelock Mode
09:43:28 - Prism: 13 - DoMeasure success.
09:43:28 - Prism: 14 - A05, angleH: 18.4331, angleV: 85.8019, Distance: 1666.77, Lockmode: Long Range Finelock Mode
09:43:47 - Prism: 14 - DoMeasure success.
09:43:47 - Prism: 14 - A05, angleH: 218.433, angleV: 314.198, Distance: 1666.77, Lockmode: Long Range Finelock Mode
09:44:06 - Prism: 14 - DoMeasure success.
09:44:06 - Prism: 15 - A07, angleH: 28.2551, angleV: 85.6009, Distance: 1643.71, Lockmode: Long Range Finelock Mode
09:44:25 - Prism: 15 - DoMeasure success.
09:44:25 - Prism: 15 - A07, angleH: 228.255, angleV: 314.399, Distance: 1643.71, Lockmode: Long Range Finelock Mode
09:44:44 - Prism: 15 - DoMeasure success.
09:44:44 - Prism: 16 - A09, angleH: 26.7206, angleV: 87.2721, Distance: 1452.84, Lockmode: Long Range Finelock Mode
09:45:03 - Prism: 16 - DoMeasure success.
09:45:03 - Prism: 16 - A09, angleH: 226.721, angleV: 312.728, Distance: 1452.84, Lockmode: Long Range Finelock Mode
09:45:22 - Prism: 16 - DoMeasure success.
09:45:22 - Prism: 17 - A010, angleH: 31.8095, angleV: 87.2528, Distance: 1445.69, Lockmode: Long Range Finelock Mode
09:45:40 - Prism: 17 - DoMeasure success.
09:45:40 - Prism: 17 - A010, angleH: 231.81, angleV: 312.747, Distance: 1445.69, Lockmode: Long Range Finelock Mode
09:45:59 - Prism: 17 - DoMeasure success.
09:45:59 - Prism: 18 - A02, angleH: 36.394, angleV: 86.6457, Distance: 1460.77, Lockmode: Long Range Finelock Mode
09:46:17 - Prism: 18 - DoMeasure success.
09:46:17 - Prism: 18 - A02, angleH: 236.394, angleV: 313.354, Distance: 1460.77, Lockmode: Long Range Finelock Mode
09:46:36 - Prism: 18 - DoMeasure success.
09:46:36 - Prism: 19 - C02, angleH: 26.1602, angleV: 90.9752, Distance: 1015.34, Lockmode: Long Range Finelock Mode
09:46:53 - Prism: 19 - Domeasure failed (1002).
09:46:53 - Prism: 19 - C02, angleH: 226.16, angleV: 309.025, Distance: 1015.34, Lockmode: Long Range Finelock Mode
09:47:12 - Prism: 19 - DoMeasure success.
09:47:12 - Prism: 20 - C01, angleH: 31.1817, angleV: 91.2202, Distance: 1049.66, Lockmode: Long Range Finelock Mode
09:47:30 - Prism: 20 - DoMeasure success.
09:47:31 - Prism: 20 - C01, angleH: 231.182, angleV: 308.78, Distance: 1049.66, Lockmode: Long Range Finelock Mode
09:47:49 - Prism: 20 - DoMeasure success.
09:47:49 - Prism: 21 - C03, angleH: 25.947, angleV: 92.3908, Distance: 899.554, Lockmode: Long Range Finelock Mode
09:48:08 - Prism: 21 - DoMeasure success.
09:48:08 - Prism: 21 - C03, angleH: 225.947, angleV: 307.609, Distance: 899.554, Lockmode: Long Range Finelock Mode
09:48:27 - Prism: 21 - DoMeasure success.
09:48:27 - Prism: 22 - C04, angleH: 30.8165, angleV: 92.5272, Distance: 868.678, Lockmode: Long Range Finelock Mode
09:48:45 - Prism: 22 - DoMeasure success.
09:48:46 - Prism: 22 - C04, angleH: 230.816, angleV: 307.473, Distance: 868.678, Lockmode: Long Range Finelock Mode
09:49:03 - Prism: 22 - DoMeasure success.
09:49:03 - Prism: 23 - D017, angleH: 23.383, angleV: 93.4638, Distance: 792.499, Lockmode: Long Range Finelock Mode
09:49:22 - Prism: 23 - DoMeasure success.
09:49:22 - Prism: 23 - D017, angleH: 223.383, angleV: 306.536, Distance: 792.499, Lockmode: Long Range Finelock Mode
09:49:40 - Prism: 23 - DoMeasure success.
09:49:40 - Prism: 24 - D018, angleH: 27.2731, angleV: 93.1846, Distance: 784.385, Lockmode: Long Range Finelock Mode
09:49:59 - Prism: 24 - DoMeasure success.
09:49:59 - Prism: 24 - D018, angleH: 227.273, angleV: 306.815, Distance: 784.385, Lockmode: Long Range Finelock Mode
09:50:18 - Prism: 24 - DoMeasure success.
09:50:18 - Prism: 25 - D019, angleH: 33.119, angleV: 93.7703, Distance: 771.886, Lockmode: Long Range Finelock Mode
09:50:37 - Prism: 25 - DoMeasure success.
09:50:37 - Prism: 25 - D019, angleH: 233.119, angleV: 306.23, Distance: 771.886, Lockmode: Long Range Finelock Mode
09:50:55 - Prism: 25 - DoMeasure success.
09:50:55 - Prism: 26 - C05, angleH: 34.4877, angleV: 94.5086, Distance: 712.034, Lockmode: Long Range Finelock Mode
09:51:13 - Prism: 26 - DoMeasure success.
09:51:13 - Prism: 26 - C05, angleH: 234.488, angleV: 305.491, Distance: 712.034, Lockmode: Long Range Finelock Mode
09:51:32 - Prism: 26 - DoMeasure success.
09:51:32 - Prism: 27 - C06, angleH: 32.7371, angleV: 94.3285, Distance: 710.047, Lockmode: Long Range Finelock Mode
09:51:51 - Prism: 27 - DoMeasure success.
09:51:51 - Prism: 27 - C06, angleH: 232.737, angleV: 305.671, Distance: 710.047, Lockmode: Long Range Finelock Mode
09:52:09 - Prism: 27 - DoMeasure success.
09:52:09 - Prism: 28 - C07, angleH: 30.8823, angleV: 94.219, Distance: 708.985, Lockmode: Long Range Finelock Mode
09:52:28 - Prism: 28 - DoMeasure success.
09:52:28 - Prism: 28 - C07, angleH: 230.882, angleV: 305.781, Distance: 708.985, Lockmode: Long Range Finelock Mode
09:52:46 - Prism: 28 - DoMeasure success.
09:52:46 - Prism: 29 - C08, angleH: 29.0071, angleV: 94.1726, Distance: 708.277, Lockmode: Long Range Finelock Mode
09:53:05 - Prism: 29 - DoMeasure success.
09:53:05 - Prism: 29 - C08, angleH: 229.007, angleV: 305.827, Distance: 708.277, Lockmode: Long Range Finelock Mode
09:53:22 - Prism: 29 - DoMeasure success.
09:53:23 - Prism: 30 - C09, angleH: 27.1704, angleV: 94.2004, Distance: 708.15, Lockmode: Long Range Finelock Mode
09:53:41 - Prism: 30 - DoMeasure success.
09:53:41 - Prism: 30 - C09, angleH: 227.17, angleV: 305.8, Distance: 708.15, Lockmode: Long Range Finelock Mode
09:53:59 - Prism: 30 - DoMeasure success.
09:53:59 - Prism: 31 - C012, angleH: 23.6784, angleV: 94.6776, Distance: 709.076, Lockmode: Long Range Finelock Mode
09:54:18 - Prism: 31 - DoMeasure success.
09:54:18 - Prism: 31 - C012, angleH: 223.678, angleV: 305.322, Distance: 709.076, Lockmode: Long Range Finelock Mode
09:54:38 - Prism: 31 - DoMeasure success.
09:54:38 - Prism: 32 - C013, angleH: 21.8844, angleV: 94.8065, Distance: 710.445, Lockmode: Long Range Finelock Mode
09:54:57 - Prism: 32 - DoMeasure success.
09:54:57 - Prism: 32 - C013, angleH: 221.884, angleV: 305.193, Distance: 710.445, Lockmode: Long Range Finelock Mode
09:55:15 - Prism: 32 - DoMeasure success.
09:55:15 - Prism: 33 - C014, angleH: 20.0779, angleV: 94.6965, Distance: 712.686, Lockmode: Long Range Finelock Mode
09:55:34 - Prism: 33 - DoMeasure success.
09:55:34 - Prism: 33 - C014, angleH: 220.078, angleV: 305.303, Distance: 712.686, Lockmode: Long Range Finelock Mode
09:55:53 - Prism: 33 - DoMeasure success.
09:55:53 - Prism: 34 - C015, angleH: 17.7297, angleV: 94.2236, Distance: 726.219, Lockmode: Long Range Finelock Mode
09:56:12 - Prism: 34 - DoMeasure success.
09:56:12 - Prism: 34 - C015, angleH: 217.73, angleV: 305.776, Distance: 726.219, Lockmode: Long Range Finelock Mode
09:56:30 - Prism: 34 - DoMeasure success.
09:56:30 - Prism: 35 - E01, angleH: 23.7022, angleV: 96.0208, Distance: 611.922, Lockmode: Long Range Finelock Mode
09:56:50 - Prism: 35 - DoMeasure success.
09:56:50 - Prism: 35 - E01, angleH: 223.702, angleV: 303.979, Distance: 611.922, Lockmode: Long Range Finelock Mode
09:57:09 - Prism: 35 - DoMeasure success.
09:57:09 - Prism: 36 - E02, angleH: 30.8301, angleV: 95.7946, Distance: 601.015, Lockmode: Long Range Finelock Mode
09:57:27 - Prism: 36 - DoMeasure success.
09:57:27 - Prism: 36 - E02, angleH: 230.83, angleV: 304.205, Distance: 601.015, Lockmode: Long Range Finelock Mode
09:57:45 - Prism: 36 - DoMeasure success.
09:57:46 - Prism: 37 - D013, angleH: 37.4005, angleV: 97.67, Distance: 572.08, Lockmode: Long Range Finelock Mode
09:58:04 - Prism: 37 - DoMeasure success.
09:58:04 - Prism: 37 - D013, angleH: 237.4, angleV: 302.33, Distance: 572.08, Lockmode: Long Range Finelock Mode
09:58:22 - Prism: 37 - DoMeasure success.
09:58:22 - Prism: 38 - E06, angleH: 33.8396, angleV: 98.7909, Distance: 543.559, Lockmode: Long Range Finelock Mode
09:58:41 - Prism: 38 - DoMeasure success.
09:58:41 - Prism: 38 - E06, angleH: 233.84, angleV: 301.209, Distance: 543.559, Lockmode: Long Range Finelock Mode
09:58:59 - Prism: 38 - DoMeasure success.
09:58:59 - Prism: 39 - F03, angleH: 26.1045, angleV: 97.9348, Distance: 533.16, Lockmode: Long Range Finelock Mode
09:59:17 - Prism: 39 - DoMeasure success.
09:59:18 - Prism: 39 - F03, angleH: 226.105, angleV: 302.065, Distance: 533.16, Lockmode: Long Range Finelock Mode
09:59:36 - Prism: 39 - DoMeasure success.
09:59:36 - Prism: 40 - D015, angleH: 19.6758, angleV: 96.6789, Distance: 576.729, Lockmode: Long Range Finelock Mode
09:59:54 - Prism: 40 - DoMeasure success.
09:59:54 - Prism: 40 - D015, angleH: 219.676, angleV: 303.321, Distance: 576.729, Lockmode: Long Range Finelock Mode
10:00:12 - Prism: 40 - DoMeasure success.
10:00:12 - Prism: 41 - F07, angleH: 19.2587, angleV: 99.1965, Distance: 497.064, Lockmode: Long Range Finelock Mode
10:00:30 - Prism: 41 - DoMeasure success.
10:00:30 - Prism: 41 - F07, angleH: 219.259, angleV: 300.803, Distance: 497.064, Lockmode: Long Range Finelock Mode
10:00:48 - Prism: 41 - DoMeasure success.
10:00:48 - Prism: 42 - E03, angleH: 23.7713, angleV: 99.1818, Distance: 506.001, Lockmode: Long Range Finelock Mode
10:01:06 - Prism: 42 - DoMeasure success.
10:01:06 - Prism: 42 - E03, angleH: 223.771, angleV: 300.818, Distance: 506.001, Lockmode: Long Range Finelock Mode
10:01:25 - Prism: 42 - DoMeasure success.
10:01:25 - Prism: 43 - F08, angleH: 33.2077, angleV: 101.044, Distance: 480.376, Lockmode: Long Range Finelock Mode
10:01:43 - Prism: 43 - DoMeasure success.
10:01:44 - Prism: 43 - F08, angleH: 233.208, angleV: 298.956, Distance: 480.376, Lockmode: Long Range Finelock Mode
10:02:02 - Prism: 43 - DoMeasure success.
10:02:02 - Prism: 44 - E05, angleH: 36.2579, angleV: 101.318, Distance: 478.633, Lockmode: Long Range Finelock Mode
10:02:20 - Prism: 44 - DoMeasure success.
10:02:21 - Prism: 44 - E05, angleH: 236.258, angleV: 298.682, Distance: 478.633, Lockmode: Long Range Finelock Mode
10:02:38 - Prism: 44 - DoMeasure success.
10:02:38 - Prism: 45 - D012, angleH: 44.7371, angleV: 101.694, Distance: 476.717, Lockmode: Long Range Finelock Mode
10:02:56 - Prism: 45 - DoMeasure success.
10:02:57 - Prism: 45 - D012, angleH: 244.737, angleV: 298.306, Distance: 476.717, Lockmode: Long Range Finelock Mode
10:03:15 - Prism: 45 - DoMeasure success.
10:03:15 - Prism: 46 - F09, angleH: 39.5513, angleV: 104.783, Distance: 417.459, Lockmode: Long Range Finelock Mode
10:03:33 - Prism: 46 - DoMeasure success.
10:03:33 - Prism: 46 - F09, angleH: 239.551, angleV: 295.217, Distance: 417.459, Lockmode: Long Range Finelock Mode
10:03:51 - Prism: 46 - DoMeasure success.
10:03:51 - Prism: 47 - F05, angleH: 27.0866, angleV: 104.166, Distance: 407.93, Lockmode: Long Range Finelock Mode
10:04:09 - Prism: 47 - DoMeasure success.
10:04:09 - Prism: 47 - F05, angleH: 227.087, angleV: 295.834, Distance: 407.93, Lockmode: Long Range Finelock Mode
10:04:28 - Prism: 47 - DoMeasure success.
10:04:28 - Prism: 48 - F04, angleH: 22.3684, angleV: 103.584, Distance: 409.812, Lockmode: Long Range Finelock Mode
10:04:46 - Prism: 48 - DoMeasure success.
10:04:46 - Prism: 48 - F04, angleH: 222.368, angleV: 296.416, Distance: 409.812, Lockmode: Long Range Finelock Mode
10:05:04 - Prism: 48 - DoMeasure success.
10:05:04 - Prism: 49 - F06, angleH: 25.9994, angleV: 108.298, Distance: 348.565, Lockmode: Finelock Mode
10:05:17 - Prism: 49 - DoMeasure success.
10:05:17 - Prism: 49 - F06, angleH: 225.999, angleV: 291.702, Distance: 348.565, Lockmode: Finelock Mode
10:05:29 - Prism: 49 - DoMeasure success.
10:05:29 - Prism: 50 - F010, angleH: 38.6597, angleV: 107.947, Distance: 369.253, Lockmode: Finelock Mode
10:05:45 - Prism: 50 - DoMeasure success.
10:05:45 - Prism: 50 - F010, angleH: 238.66, angleV: 292.053, Distance: 369.253, Lockmode: Finelock Mode
10:05:54 - Prism: 50 - Domeasure failed (2003).
10:05:54 - Prism: 51 - E04, angleH: 27.9135, angleV: 108.855, Distance: 346.759, Lockmode: Finelock Mode
10:06:09 - Prism: 51 - DoMeasure success.
10:06:09 - Prism: 51 - E04, angleH: 227.913, angleV: 291.145, Distance: 346.759, Lockmode: Finelock Mode
10:06:18 - Prism: 51 - Domeasure failed (2003).
10:06:18 - Prism: 52 - D016, angleH: 46.5, angleV: 105.716, Distance: 386.059, Lockmode: Finelock Mode
10:06:34 - Prism: 52 - DoMeasure success.
10:06:34 - Prism: 52 - D016, angleH: 246.5, angleV: 294.284, Distance: 386.059, Lockmode: Finelock Mode
10:06:47 - Prism: 52 - DoMeasure success.
10:06:47 - Prism: 53 - REF_F02, angleH: 28.0882, angleV: 97.0788, Distance: 556.198, Lockmode: Long Range Finelock Mode
10:07:05 - Prism: 53 - DoMeasure success.
10:07:05 - Prism: 53 - REF_F02, angleH: 228.088, angleV: 302.921, Distance: 556.198, Lockmode: Long Range Finelock Mode
10:07:23 - Prism: 53 - DoMeasure success.
10:07:24 - Prism: 54 - REF_D014, angleH: 46.0412, angleV: 97.4979, Distance: 577.79, Lockmode: Long Range Finelock Mode
10:07:42 - Prism: 54 - DoMeasure success.
10:07:42 - Prism: 54 - REF_D014, angleH: 246.041, angleV: 302.502, Distance: 577.79, Lockmode: Long Range Finelock Mode
10:08:00 - Prism: 54 - DoMeasure success.
10:08:00 - Prism: 55 - A06, angleH: 23.2588, angleV: 85.7158, Distance: 1635.13, Lockmode: Long Range Finelock Mode
10:08:19 - Prism: 55 - DoMeasure success.
10:08:19 - Prism: 55 - A06, angleH: 223.259, angleV: 314.284, Distance: 1635.13, Lockmode: Long Range Finelock Mode
10:08:37 - Prism: 55 - DoMeasure success.
10:08:37 - Prism: 56 - A03, angleH: 15.0485, angleV: 87.025, Distance: 1490.26, Lockmode: Long Range Finelock Mode
10:08:56 - Prism: 56 - DoMeasure success.
10:08:56 - Prism: 56 - A03, angleH: 215.048, angleV: 312.975, Distance: 1490.26, Lockmode: Long Range Finelock Mode
10:09:15 - Prism: 56 - DoMeasure success.
10:09:15 - Prism: 57 - C05B, angleH: 34.5069, angleV: 94.5109, Distance: 709.076, Lockmode: Long Range Finelock Mode
10:09:34 - Prism: 57 - DoMeasure success.
10:09:34 - Prism: 57 - C05B, angleH: 234.507, angleV: 305.489, Distance: 709.076, Lockmode: Long Range Finelock Mode
10:09:51 - Prism: 57 - DoMeasure success.
10:09:52 - Prism: 58 - C11, angleH: 25.5118, angleV: 94.3407, Distance: 709.076, Lockmode: Long Range Finelock Mode
10:10:10 - Prism: 58 - DoMeasure success.
10:10:10 - Prism: 58 - C11, angleH: 225.512, angleV: 305.659, Distance: 709.076, Lockmode: Long Range Finelock Mode
10:10:28 - Prism: 58 - DoMeasure success.
10:10:37 - RoundsOK is (1).
10:10:40 - Exit from functin StartMonitoring.
10:20:36 - Prism: 1 - stLval - Face 1 - not enabled
10:20:36 - Prism: 1 - stLval - Face 2 - not enabled
10:20:36 - Prism: 2 - ref100, angleH: 0.0115, angleV: 89.7952, Distance: 1091.49, Lockmode: Long Range Finelock Mode
10:20:55 - Prism: 2 - DoMeasure success.
10:20:55 - Prism: 2 - ref100, angleH: 200.012, angleV: 310.205, Distance: 1091.49, Lockmode: Long Range Finelock Mode
10:21:13 - Prism: 2 - DoMeasure success.
10:21:13 - Prism: 3 - F02 - Face 1 - not enabled
10:21:13 - Prism: 3 - F02 - Face 2 - not enabled
10:21:13 - Prism: 4 - REF0200, angleH: 73.7947, angleV: 97.9128, Distance: 819.185, Lockmode: Long Range Finelock Mode
10:21:32 - Prism: 4 - DoMeasure success.
10:21:32 - Prism: 4 - REF0200, angleH: 273.795, angleV: 302.087, Distance: 819.185, Lockmode: Long Range Finelock Mode
10:21:51 - Prism: 4 - DoMeasure success.
10:21:51 - Prism: 5 - D014 - Face 1 - not enabled
10:21:51 - Prism: 5 - D014 - Face 2 - not enabled
10:21:51 - Prism: 6 - A015, angleH: 20.4082, angleV: 81.3884, Distance: 2328.78, Lockmode: Long Range Finelock Mode
10:22:10 - Prism: 6 - DoMeasure success.
10:22:10 - Prism: 6 - A015, angleH: 220.408, angleV: 318.612, Distance: 2328.78, Lockmode: Long Range Finelock Mode
10:22:29 - Prism: 6 - DoMeasure success.
10:22:29 - Prism: 7 - A016, angleH: 22.2227, angleV: 81.2121, Distance: 2324.48, Lockmode: Long Range Finelock Mode
10:22:47 - Prism: 7 - DoMeasure success.
10:22:48 - Prism: 7 - A016, angleH: 222.223, angleV: 318.788, Distance: 2324.48, Lockmode: Long Range Finelock Mode
10:23:06 - Prism: 7 - DoMeasure success.
10:23:06 - Prism: 8 - A013, angleH: 20.8733, angleV: 81.7409, Distance: 2235.91, Lockmode: Long Range Finelock Mode
10:23:25 - Prism: 8 - DoMeasure success.
10:23:25 - Prism: 8 - A013, angleH: 220.873, angleV: 318.259, Distance: 2235.91, Lockmode: Long Range Finelock Mode
10:23:45 - Prism: 8 - DoMeasure success.
10:23:45 - Prism: 9 - A014, angleH: 23.646, angleV: 81.7505, Distance: 2223.44, Lockmode: Long Range Finelock Mode
10:24:04 - Prism: 9 - DoMeasure success.
10:24:04 - Prism: 9 - A014, angleH: 223.646, angleV: 318.25, Distance: 2223.44, Lockmode: Long Range Finelock Mode
10:24:22 - Prism: 9 - DoMeasure success.
10:24:22 - Prism: 10 - A012, angleH: 21.264, angleV: 83.474, Distance: 1988.72, Lockmode: Long Range Finelock Mode
10:24:40 - Prism: 10 - DoMeasure success.
10:24:40 - Prism: 10 - A012, angleH: 221.264, angleV: 316.526, Distance: 1988.72, Lockmode: Long Range Finelock Mode
10:24:59 - Prism: 10 - DoMeasure success.
10:24:59 - Prism: 11 - A011, angleH: 24.8036, angleV: 83.8805, Distance: 1886.07, Lockmode: Long Range Finelock Mode
10:25:17 - Prism: 11 - DoMeasure success.
10:25:17 - Prism: 11 - A011, angleH: 224.804, angleV: 316.12, Distance: 1886.07, Lockmode: Long Range Finelock Mode
10:25:36 - Prism: 11 - DoMeasure success.
10:25:36 - Prism: 12 - A08, angleH: 30.8716, angleV: 83.2296, Distance: 1889.31, Lockmode: Long Range Finelock Mode
10:25:54 - Prism: 12 - DoMeasure success.
10:25:55 - Prism: 12 - A08, angleH: 230.872, angleV: 316.77, Distance: 1889.31, Lockmode: Long Range Finelock Mode
10:26:13 - Prism: 12 - DoMeasure success.
10:26:13 - Prism: 13 - A04, angleH: 17.1629, angleV: 85.9566, Distance: 1717, Lockmode: Long Range Finelock Mode
10:26:32 - Prism: 13 - DoMeasure success.
10:26:32 - Prism: 13 - A04, angleH: 217.163, angleV: 314.043, Distance: 1717, Lockmode: Long Range Finelock Mode
10:26:50 - Prism: 13 - DoMeasure success.
10:26:50 - Prism: 14 - A05, angleH: 18.4331, angleV: 85.8019, Distance: 1666.77, Lockmode: Long Range Finelock Mode
10:27:09 - Prism: 14 - DoMeasure success.
10:27:09 - Prism: 14 - A05, angleH: 218.433, angleV: 314.198, Distance: 1666.77, Lockmode: Long Range Finelock Mode
10:27:28 - Prism: 14 - DoMeasure success.
10:27:28 - Prism: 15 - A07, angleH: 28.2551, angleV: 85.6009, Distance: 1643.71, Lockmode: Long Range Finelock Mode
10:27:46 - Prism: 15 - DoMeasure success.
10:27:46 - Prism: 15 - A07, angleH: 228.255, angleV: 314.399, Distance: 1643.71, Lockmode: Long Range Finelock Mode
10:28:04 - Prism: 15 - DoMeasure success.
10:28:04 - Prism: 16 - A09, angleH: 26.7206, angleV: 87.2721, Distance: 1452.84, Lockmode: Long Range Finelock Mode
10:28:24 - Prism: 16 - DoMeasure success.
10:28:24 - Prism: 16 - A09, angleH: 226.721, angleV: 312.728, Distance: 1452.84, Lockmode: Long Range Finelock Mode
10:28:42 - Prism: 16 - DoMeasure success.
10:28:42 - Prism: 17 - A010, angleH: 31.8095, angleV: 87.2528, Distance: 1445.69, Lockmode: Long Range Finelock Mode
10:29:01 - Prism: 17 - DoMeasure success.
10:29:01 - Prism: 17 - A010, angleH: 231.81, angleV: 312.747, Distance: 1445.69, Lockmode: Long Range Finelock Mode
10:29:19 - Prism: 17 - DoMeasure success.
10:29:19 - Prism: 18 - A02, angleH: 36.394, angleV: 86.6457, Distance: 1460.77, Lockmode: Long Range Finelock Mode
10:29:38 - Prism: 18 - DoMeasure success.
10:29:38 - Prism: 18 - A02, angleH: 236.394, angleV: 313.354, Distance: 1460.77, Lockmode: Long Range Finelock Mode
10:29:57 - Prism: 18 - DoMeasure success.
10:29:57 - Prism: 19 - C02, angleH: 26.1602, angleV: 90.9752, Distance: 1015.34, Lockmode: Long Range Finelock Mode
10:30:15 - Prism: 19 - DoMeasure success.
10:30:16 - Prism: 19 - C02, angleH: 226.16, angleV: 309.025, Distance: 1015.34, Lockmode: Long Range Finelock Mode
10:30:34 - Prism: 19 - DoMeasure success.
10:30:34 - Prism: 20 - C01, angleH: 31.1817, angleV: 91.2202, Distance: 1049.66, Lockmode: Long Range Finelock Mode
10:30:52 - Prism: 20 - DoMeasure success.
10:30:52 - Prism: 20 - C01, angleH: 231.182, angleV: 308.78, Distance: 1049.66, Lockmode: Long Range Finelock Mode
10:31:11 - Prism: 20 - DoMeasure success.
10:31:11 - Prism: 21 - C03, angleH: 25.947, angleV: 92.3908, Distance: 899.554, Lockmode: Long Range Finelock Mode
10:31:29 - Prism: 21 - DoMeasure success.
10:31:29 - Prism: 21 - C03, angleH: 225.947, angleV: 307.609, Distance: 899.554, Lockmode: Long Range Finelock Mode
10:31:47 - Prism: 21 - DoMeasure success.
10:31:47 - Prism: 22 - C04, angleH: 30.8165, angleV: 92.5272, Distance: 868.678, Lockmode: Long Range Finelock Mode
10:32:06 - Prism: 22 - DoMeasure success.
10:32:06 - Prism: 22 - C04, angleH: 230.816, angleV: 307.473, Distance: 868.678, Lockmode: Long Range Finelock Mode
10:32:24 - Prism: 22 - DoMeasure success.
10:32:24 - Prism: 23 - D017, angleH: 23.383, angleV: 93.4638, Distance: 792.499, Lockmode: Long Range Finelock Mode
10:32:43 - Prism: 23 - DoMeasure success.
10:32:43 - Prism: 23 - D017, angleH: 223.383, angleV: 306.536, Distance: 792.499, Lockmode: Long Range Finelock Mode
10:33:01 - Prism: 23 - DoMeasure success.
10:33:01 - Prism: 24 - D018, angleH: 27.2731, angleV: 93.1846, Distance: 784.385, Lockmode: Long Range Finelock Mode
10:33:20 - Prism: 24 - DoMeasure success.
10:33:20 - Prism: 24 - D018, angleH: 227.273, angleV: 306.815, Distance: 784.385, Lockmode: Long Range Finelock Mode
10:33:39 - Prism: 24 - DoMeasure success.
10:33:39 - Prism: 25 - D019, angleH: 33.119, angleV: 93.7703, Distance: 771.886, Lockmode: Long Range Finelock Mode
10:33:57 - Prism: 25 - DoMeasure success.
10:33:57 - Prism: 25 - D019, angleH: 233.119, angleV: 306.23, Distance: 771.886, Lockmode: Long Range Finelock Mode
10:34:15 - Prism: 25 - DoMeasure success.
10:34:15 - Prism: 26 - C05, angleH: 34.4877, angleV: 94.5086, Distance: 712.034, Lockmode: Long Range Finelock Mode
10:34:34 - Prism: 26 - DoMeasure success.
10:34:34 - Prism: 26 - C05, angleH: 234.488, angleV: 305.491, Distance: 712.034, Lockmode: Long Range Finelock Mode
10:34:52 - Prism: 26 - DoMeasure success.
10:34:52 - Prism: 27 - C06, angleH: 32.7371, angleV: 94.3285, Distance: 710.047, Lockmode: Long Range Finelock Mode
10:35:11 - Prism: 27 - DoMeasure success.
10:35:12 - Prism: 27 - C06, angleH: 232.737, angleV: 305.671, Distance: 710.047, Lockmode: Long Range Finelock Mode
10:35:30 - Prism: 27 - DoMeasure success.
10:35:30 - Prism: 28 - C07, angleH: 30.8823, angleV: 94.219, Distance: 708.985, Lockmode: Long Range Finelock Mode
10:35:48 - Prism: 28 - DoMeasure success.
10:35:48 - Prism: 28 - C07, angleH: 230.882, angleV: 305.781, Distance: 708.985, Lockmode: Long Range Finelock Mode
10:36:06 - Prism: 28 - DoMeasure success.
10:36:06 - Prism: 29 - C08, angleH: 29.0071, angleV: 94.1726, Distance: 708.277, Lockmode: Long Range Finelock Mode
10:36:24 - Prism: 29 - DoMeasure success.
10:36:25 - Prism: 29 - C08, angleH: 229.007, angleV: 305.827, Distance: 708.277, Lockmode: Long Range Finelock Mode
10:36:43 - Prism: 29 - DoMeasure success.
10:36:43 - Prism: 30 - C09, angleH: 27.1704, angleV: 94.2004, Distance: 708.15, Lockmode: Long Range Finelock Mode
10:37:01 - Prism: 30 - DoMeasure success.
10:37:01 - Prism: 30 - C09, angleH: 227.17, angleV: 305.8, Distance: 708.15, Lockmode: Long Range Finelock Mode
10:37:20 - Prism: 30 - DoMeasure success.
10:37:20 - Prism: 31 - C012, angleH: 23.6784, angleV: 94.6776, Distance: 709.076, Lockmode: Long Range Finelock Mode
10:37:38 - Prism: 31 - DoMeasure success.
10:37:38 - Prism: 31 - C012, angleH: 223.678, angleV: 305.322, Distance: 709.076, Lockmode: Long Range Finelock Mode
10:37:57 - Prism: 31 - DoMeasure success.
10:37:57 - Prism: 32 - C013, angleH: 21.8844, angleV: 94.8065, Distance: 710.445, Lockmode: Long Range Finelock Mode
10:38:16 - Prism: 32 - DoMeasure success.
10:38:16 - Prism: 32 - C013, angleH: 221.884, angleV: 305.193, Distance: 710.445, Lockmode: Long Range Finelock Mode
10:38:34 - Prism: 32 - DoMeasure success.
10:38:34 - Prism: 33 - C014, angleH: 20.0779, angleV: 94.6965, Distance: 712.686, Lockmode: Long Range Finelock Mode
10:38:53 - Prism: 33 - DoMeasure success.
10:38:53 - Prism: 33 - C014, angleH: 220.078, angleV: 305.303, Distance: 712.686, Lockmode: Long Range Finelock Mode
10:39:11 - Prism: 33 - DoMeasure success.
10:39:11 - Prism: 34 - C015, angleH: 17.7297, angleV: 94.2236, Distance: 726.219, Lockmode: Long Range Finelock Mode
10:39:30 - Prism: 34 - DoMeasure success.
10:39:30 - Prism: 34 - C015, angleH: 217.73, angleV: 305.776, Distance: 726.219, Lockmode: Long Range Finelock Mode
10:39:48 - Prism: 34 - DoMeasure success.
10:39:48 - Prism: 35 - E01, angleH: 23.7022, angleV: 96.0208, Distance: 611.922, Lockmode: Long Range Finelock Mode
10:40:07 - Prism: 35 - DoMeasure success.
10:40:07 - Prism: 35 - E01, angleH: 223.702, angleV: 303.979, Distance: 611.922, Lockmode: Long Range Finelock Mode
10:40:25 - Prism: 35 - DoMeasure success.
10:40:25 - Prism: 36 - E02, angleH: 30.8301, angleV: 95.7946, Distance: 601.015, Lockmode: Long Range Finelock Mode
10:40:43 - Prism: 36 - DoMeasure success.
10:40:43 - Prism: 36 - E02, angleH: 230.83, angleV: 304.205, Distance: 601.015, Lockmode: Long Range Finelock Mode
10:41:02 - Prism: 36 - DoMeasure success.
10:41:02 - Prism: 37 - D013, angleH: 37.4005, angleV: 97.67, Distance: 572.08, Lockmode: Long Range Finelock Mode
10:41:20 - Prism: 37 - DoMeasure success.
10:41:20 - Prism: 37 - D013, angleH: 237.4, angleV: 302.33, Distance: 572.08, Lockmode: Long Range Finelock Mode
10:41:38 - Prism: 37 - DoMeasure success.
10:41:39 - Prism: 38 - E06, angleH: 33.8396, angleV: 98.7909, Distance: 543.559, Lockmode: Long Range Finelock Mode
10:41:57 - Prism: 38 - DoMeasure success.
10:41:57 - Prism: 38 - E06, angleH: 233.84, angleV: 301.209, Distance: 543.559, Lockmode: Long Range Finelock Mode
10:42:16 - Prism: 38 - DoMeasure success.
10:42:16 - Prism: 39 - F03, angleH: 26.1045, angleV: 97.9348, Distance: 533.16, Lockmode: Long Range Finelock Mode
10:42:34 - Prism: 39 - DoMeasure success.
10:42:34 - Prism: 39 - F03, angleH: 226.105, angleV: 302.065, Distance: 533.16, Lockmode: Long Range Finelock Mode
10:42:53 - Prism: 39 - DoMeasure success.
10:42:53 - Prism: 40 - D015, angleH: 19.6758, angleV: 96.6789, Distance: 576.729, Lockmode: Long Range Finelock Mode
10:43:11 - Prism: 40 - DoMeasure success.
10:43:11 - Prism: 40 - D015, angleH: 219.676, angleV: 303.321, Distance: 576.729, Lockmode: Long Range Finelock Mode
10:43:29 - Prism: 40 - DoMeasure success.
10:43:29 - Prism: 41 - F07, angleH: 19.2587, angleV: 99.1965, Distance: 497.064, Lockmode: Long Range Finelock Mode
10:43:47 - Prism: 41 - DoMeasure success.
10:43:48 - Prism: 41 - F07, angleH: 219.259, angleV: 300.803, Distance: 497.064, Lockmode: Long Range Finelock Mode
10:44:06 - Prism: 41 - DoMeasure success.
10:44:06 - Prism: 42 - E03, angleH: 23.7713, angleV: 99.1818, Distance: 506.001, Lockmode: Long Range Finelock Mode
10:44:24 - Prism: 42 - DoMeasure success.
10:44:24 - Prism: 42 - E03, angleH: 223.771, angleV: 300.818, Distance: 506.001, Lockmode: Long Range Finelock Mode
10:44:42 - Prism: 42 - DoMeasure success.
10:44:42 - Prism: 43 - F08, angleH: 33.2077, angleV: 101.044, Distance: 480.376, Lockmode: Long Range Finelock Mode
10:45:01 - Prism: 43 - DoMeasure success.
10:45:01 - Prism: 43 - F08, angleH: 233.208, angleV: 298.956, Distance: 480.376, Lockmode: Long Range Finelock Mode
10:45:19 - Prism: 43 - DoMeasure success.
10:45:19 - Prism: 44 - E05, angleH: 36.2579, angleV: 101.318, Distance: 478.633, Lockmode: Long Range Finelock Mode
10:45:38 - Prism: 44 - DoMeasure success.
10:45:38 - Prism: 44 - E05, angleH: 236.258, angleV: 298.682, Distance: 478.633, Lockmode: Long Range Finelock Mode
10:45:56 - Prism: 44 - DoMeasure success.
10:45:56 - Prism: 45 - D012, angleH: 44.7371, angleV: 101.694, Distance: 476.717, Lockmode: Long Range Finelock Mode
10:46:14 - Prism: 45 - DoMeasure success.
10:46:14 - Prism: 45 - D012, angleH: 244.737, angleV: 298.306, Distance: 476.717, Lockmode: Long Range Finelock Mode
10:46:32 - Prism: 45 - DoMeasure success.
10:46:32 - Prism: 46 - F09, angleH: 39.5513, angleV: 104.783, Distance: 417.459, Lockmode: Long Range Finelock Mode
10:46:50 - Prism: 46 - DoMeasure success.
10:46:50 - Prism: 46 - F09, angleH: 239.551, angleV: 295.217, Distance: 417.459, Lockmode: Long Range Finelock Mode
10:47:09 - Prism: 46 - DoMeasure success.
10:47:09 - Prism: 47 - F05, angleH: 27.0866, angleV: 104.166, Distance: 407.93, Lockmode: Long Range Finelock Mode
10:47:26 - Prism: 47 - DoMeasure success.
10:47:27 - Prism: 47 - F05, angleH: 227.087, angleV: 295.834, Distance: 407.93, Lockmode: Long Range Finelock Mode
10:47:45 - Prism: 47 - DoMeasure success.
10:47:45 - Prism: 48 - F04, angleH: 22.3684, angleV: 103.584, Distance: 409.812, Lockmode: Long Range Finelock Mode
10:48:03 - Prism: 48 - DoMeasure success.
10:48:03 - Prism: 48 - F04, angleH: 222.368, angleV: 296.416, Distance: 409.812, Lockmode: Long Range Finelock Mode
10:48:21 - Prism: 48 - DoMeasure success.
10:48:21 - Prism: 49 - F06, angleH: 25.9994, angleV: 108.298, Distance: 348.565, Lockmode: Finelock Mode
10:48:34 - Prism: 49 - DoMeasure success.
10:48:34 - Prism: 49 - F06, angleH: 225.999, angleV: 291.702, Distance: 348.565, Lockmode: Finelock Mode
10:48:46 - Prism: 49 - DoMeasure success.
10:48:46 - Prism: 50 - F010, angleH: 38.6597, angleV: 107.947, Distance: 369.253, Lockmode: Finelock Mode
10:48:54 - Prism: 50 - Domeasure failed (2003).
10:48:54 - Prism: 50 - F010, angleH: 238.66, angleV: 292.053, Distance: 369.253, Lockmode: Finelock Mode
10:49:02 - Prism: 50 - Domeasure failed (2003).
10:49:02 - Prism: 51 - E04, angleH: 27.9135, angleV: 108.855, Distance: 346.759, Lockmode: Finelock Mode
10:49:17 - Prism: 51 - DoMeasure success.
10:49:17 - Prism: 51 - E04, angleH: 227.913, angleV: 291.145, Distance: 346.759, Lockmode: Finelock Mode
10:49:30 - Prism: 51 - DoMeasure success.
10:49:30 - Prism: 52 - D016, angleH: 46.5, angleV: 105.716, Distance: 386.059, Lockmode: Finelock Mode
10:49:43 - Prism: 52 - DoMeasure success.
10:49:43 - Prism: 52 - D016, angleH: 246.5, angleV: 294.284, Distance: 386.059, Lockmode: Finelock Mode
10:49:56 - Prism: 52 - DoMeasure success.
10:49:56 - Prism: 53 - REF_F02, angleH: 28.0882, angleV: 97.0788, Distance: 556.198, Lockmode: Long Range Finelock Mode
10:50:14 - Prism: 53 - DoMeasure success.
10:50:14 - Prism: 53 - REF_F02, angleH: 228.088, angleV: 302.921, Distance: 556.198, Lockmode: Long Range Finelock Mode
10:50:32 - Prism: 53 - DoMeasure success.
10:50:33 - Prism: 54 - REF_D014, angleH: 46.0412, angleV: 97.4979, Distance: 577.79, Lockmode: Long Range Finelock Mode
10:50:51 - Prism: 54 - DoMeasure success.
10:50:51 - Prism: 54 - REF_D014, angleH: 246.041, angleV: 302.502, Distance: 577.79, Lockmode: Long Range Finelock Mode
10:51:09 - Prism: 54 - DoMeasure success.
10:51:09 - Prism: 55 - A06, angleH: 23.2588, angleV: 85.7158, Distance: 1635.13, Lockmode: Long Range Finelock Mode
10:51:28 - Prism: 55 - DoMeasure success.
10:51:28 - Prism: 55 - A06, angleH: 223.259, angleV: 314.284, Distance: 1635.13, Lockmode: Long Range Finelock Mode
10:51:46 - Prism: 55 - DoMeasure success.
10:51:46 - Prism: 56 - A03, angleH: 15.0485, angleV: 87.025, Distance: 1490.26, Lockmode: Long Range Finelock Mode
10:52:04 - Prism: 56 - DoMeasure success.
10:52:05 - Prism: 56 - A03, angleH: 215.048, angleV: 312.975, Distance: 1490.26, Lockmode: Long Range Finelock Mode
10:52:24 - Prism: 56 - DoMeasure success.
10:52:24 - Prism: 57 - C05B, angleH: 34.5069, angleV: 94.5109, Distance: 709.076, Lockmode: Long Range Finelock Mode
10:52:42 - Prism: 57 - DoMeasure success.
10:52:42 - Prism: 57 - C05B, angleH: 234.507, angleV: 305.489, Distance: 709.076, Lockmode: Long Range Finelock Mode
10:52:59 - Prism: 57 - DoMeasure success.
10:53:00 - Prism: 58 - C11, angleH: 25.5118, angleV: 94.3407, Distance: 709.076, Lockmode: Long Range Finelock Mode
10:53:17 - Prism: 58 - DoMeasure success.
10:53:17 - Prism: 58 - C11, angleH: 225.512, angleV: 305.659, Distance: 709.076, Lockmode: Long Range Finelock Mode
10:53:35 - Prism: 58 - DoMeasure success.
10:53:43 - RoundsOK is (1).
10:53:46 - Exit from functin StartMonitoring.
11:00:37 - Prism: 1 - stLval - Face 1 - not enabled
11:00:37 - Prism: 1 - stLval - Face 2 - not enabled
11:00:37 - Prism: 2 - ref100, angleH: 0.0115, angleV: 89.7952, Distance: 1091.49, Lockmode: Long Range Finelock Mode
11:00:56 - Prism: 2 - DoMeasure success.
11:00:56 - Prism: 2 - ref100, angleH: 200.012, angleV: 310.205, Distance: 1091.49, Lockmode: Long Range Finelock Mode
11:01:15 - Prism: 2 - DoMeasure success.
11:01:15 - Prism: 3 - F02 - Face 1 - not enabled
11:01:15 - Prism: 3 - F02 - Face 2 - not enabled
11:01:15 - Prism: 4 - REF0200, angleH: 73.7947, angleV: 97.9128, Distance: 819.185, Lockmode: Long Range Finelock Mode
11:01:34 - Prism: 4 - DoMeasure success.
11:01:34 - Prism: 4 - REF0200, angleH: 273.795, angleV: 302.087, Distance: 819.185, Lockmode: Long Range Finelock Mode
11:01:52 - Prism: 4 - DoMeasure success.
11:01:52 - Prism: 5 - D014 - Face 1 - not enabled
11:01:52 - Prism: 5 - D014 - Face 2 - not enabled
11:01:52 - Prism: 6 - A015, angleH: 20.4082, angleV: 81.3884, Distance: 2328.78, Lockmode: Long Range Finelock Mode
11:02:10 - Prism: 6 - DoMeasure success.
11:02:11 - Prism: 6 - A015, angleH: 220.408, angleV: 318.612, Distance: 2328.78, Lockmode: Long Range Finelock Mode
11:02:29 - Prism: 6 - DoMeasure success.
11:02:29 - Prism: 7 - A016, angleH: 22.2227, angleV: 81.2121, Distance: 2324.48, Lockmode: Long Range Finelock Mode
11:02:48 - Prism: 7 - DoMeasure success.
11:02:48 - Prism: 7 - A016, angleH: 222.223, angleV: 318.788, Distance: 2324.48, Lockmode: Long Range Finelock Mode
11:03:05 - Prism: 7 - DoMeasure success.
11:03:06 - Prism: 8 - A013, angleH: 20.8733, angleV: 81.7409, Distance: 2235.91, Lockmode: Long Range Finelock Mode
11:03:25 - Prism: 8 - DoMeasure success.
11:03:25 - Prism: 8 - A013, angleH: 220.873, angleV: 318.259, Distance: 2235.91, Lockmode: Long Range Finelock Mode
11:03:44 - Prism: 8 - DoMeasure success.
11:03:44 - Prism: 9 - A014, angleH: 23.646, angleV: 81.7505, Distance: 2223.44, Lockmode: Long Range Finelock Mode
11:04:02 - Prism: 9 - DoMeasure success.
11:04:02 - Prism: 9 - A014, angleH: 223.646, angleV: 318.25, Distance: 2223.44, Lockmode: Long Range Finelock Mode
11:04:21 - Prism: 9 - DoMeasure success.
11:04:21 - Prism: 10 - A012, angleH: 21.264, angleV: 83.474, Distance: 1988.72, Lockmode: Long Range Finelock Mode
11:04:39 - Prism: 10 - DoMeasure success.
11:04:39 - Prism: 10 - A012, angleH: 221.264, angleV: 316.526, Distance: 1988.72, Lockmode: Long Range Finelock Mode
11:04:57 - Prism: 10 - DoMeasure success.
11:04:57 - Prism: 11 - A011, angleH: 24.8036, angleV: 83.8805, Distance: 1886.07, Lockmode: Long Range Finelock Mode
11:05:16 - Prism: 11 - DoMeasure success.
11:05:16 - Prism: 11 - A011, angleH: 224.804, angleV: 316.12, Distance: 1886.07, Lockmode: Long Range Finelock Mode
11:05:34 - Prism: 11 - DoMeasure success.
11:05:34 - Prism: 12 - A08, angleH: 30.8716, angleV: 83.2296, Distance: 1889.31, Lockmode: Long Range Finelock Mode
11:05:52 - Prism: 12 - DoMeasure success.
11:05:53 - Prism: 12 - A08, angleH: 230.872, angleV: 316.77, Distance: 1889.31, Lockmode: Long Range Finelock Mode
11:06:11 - Prism: 12 - DoMeasure success.
11:06:11 - Prism: 13 - A04, angleH: 17.1629, angleV: 85.9566, Distance: 1717, Lockmode: Long Range Finelock Mode
11:06:29 - Prism: 13 - DoMeasure success.
11:06:29 - Prism: 13 - A04, angleH: 217.163, angleV: 314.043, Distance: 1717, Lockmode: Long Range Finelock Mode
11:06:47 - Prism: 13 - DoMeasure success.
11:06:47 - Prism: 14 - A05, angleH: 18.4331, angleV: 85.8019, Distance: 1666.77, Lockmode: Long Range Finelock Mode
11:07:05 - Prism: 14 - DoMeasure success.
11:07:06 - Prism: 14 - A05, angleH: 218.433, angleV: 314.198, Distance: 1666.77, Lockmode: Long Range Finelock Mode
11:07:23 - Prism: 14 - DoMeasure success.
11:07:23 - Prism: 15 - A07, angleH: 28.2551, angleV: 85.6009, Distance: 1643.71, Lockmode: Long Range Finelock Mode
11:07:42 - Prism: 15 - DoMeasure success.
11:07:42 - Prism: 15 - A07, angleH: 228.255, angleV: 314.399, Distance: 1643.71, Lockmode: Long Range Finelock Mode
11:08:01 - Prism: 15 - DoMeasure success.
11:08:01 - Prism: 16 - A09, angleH: 26.7206, angleV: 87.2721, Distance: 1452.84, Lockmode: Long Range Finelock Mode
11:08:19 - Prism: 16 - DoMeasure success.
11:08:20 - Prism: 16 - A09, angleH: 226.721, angleV: 312.728, Distance: 1452.84, Lockmode: Long Range Finelock Mode
11:08:37 - Prism: 16 - DoMeasure success.
11:08:38 - Prism: 17 - A010, angleH: 31.8095, angleV: 87.2528, Distance: 1445.69, Lockmode: Long Range Finelock Mode
11:08:56 - Prism: 17 - DoMeasure success.
11:08:56 - Prism: 17 - A010, angleH: 231.81, angleV: 312.747, Distance: 1445.69, Lockmode: Long Range Finelock Mode
11:09:14 - Prism: 17 - DoMeasure success.
11:09:14 - Prism: 18 - A02, angleH: 36.394, angleV: 86.6457, Distance: 1460.77, Lockmode: Long Range Finelock Mode
11:09:33 - Prism: 18 - DoMeasure success.
11:09:33 - Prism: 18 - A02, angleH: 236.394, angleV: 313.354, Distance: 1460.77, Lockmode: Long Range Finelock Mode
11:09:51 - Prism: 18 - DoMeasure success.
11:09:51 - Prism: 19 - C02, angleH: 26.1602, angleV: 90.9752, Distance: 1015.34, Lockmode: Long Range Finelock Mode
11:10:09 - Prism: 19 - DoMeasure success.
11:10:09 - Prism: 19 - C02, angleH: 226.16, angleV: 309.025, Distance: 1015.34, Lockmode: Long Range Finelock Mode
11:10:27 - Prism: 19 - DoMeasure success.
11:10:27 - Prism: 20 - C01, angleH: 31.1817, angleV: 91.2202, Distance: 1049.66, Lockmode: Long Range Finelock Mode
11:10:46 - Prism: 20 - DoMeasure success.
11:10:46 - Prism: 20 - C01, angleH: 231.182, angleV: 308.78, Distance: 1049.66, Lockmode: Long Range Finelock Mode
11:11:04 - Prism: 20 - DoMeasure success.
11:11:04 - Prism: 21 - C03, angleH: 25.947, angleV: 92.3908, Distance: 899.554, Lockmode: Long Range Finelock Mode
11:11:22 - Prism: 21 - DoMeasure success.
11:11:23 - Prism: 21 - C03, angleH: 225.947, angleV: 307.609, Distance: 899.554, Lockmode: Long Range Finelock Mode
11:11:41 - Prism: 21 - DoMeasure success.
11:11:41 - Prism: 22 - C04, angleH: 30.8165, angleV: 92.5272, Distance: 868.678, Lockmode: Long Range Finelock Mode
11:11:59 - Prism: 22 - DoMeasure success.
11:11:59 - Prism: 22 - C04, angleH: 230.816, angleV: 307.473, Distance: 868.678, Lockmode: Long Range Finelock Mode
11:12:18 - Prism: 22 - DoMeasure success.
11:12:18 - Prism: 23 - D017, angleH: 23.383, angleV: 93.4638, Distance: 792.499, Lockmode: Long Range Finelock Mode
11:12:36 - Prism: 23 - DoMeasure success.
11:12:36 - Prism: 23 - D017, angleH: 223.383, angleV: 306.536, Distance: 792.499, Lockmode: Long Range Finelock Mode
11:12:54 - Prism: 23 - DoMeasure success.
11:12:54 - Prism: 24 - D018, angleH: 27.2731, angleV: 93.1846, Distance: 784.385, Lockmode: Long Range Finelock Mode
11:13:13 - Prism: 24 - DoMeasure success.
11:13:13 - Prism: 24 - D018, angleH: 227.273, angleV: 306.815, Distance: 784.385, Lockmode: Long Range Finelock Mode
11:13:31 - Prism: 24 - DoMeasure success.
11:13:31 - Prism: 25 - D019, angleH: 33.119, angleV: 93.7703, Distance: 771.886, Lockmode: Long Range Finelock Mode
11:13:49 - Prism: 25 - DoMeasure success.
11:13:49 - Prism: 25 - D019, angleH: 233.119, angleV: 306.23, Distance: 771.886, Lockmode: Long Range Finelock Mode
11:14:08 - Prism: 25 - DoMeasure success.
11:14:08 - Prism: 26 - C05, angleH: 34.4877, angleV: 94.5086, Distance: 712.034, Lockmode: Long Range Finelock Mode
11:14:26 - Prism: 26 - DoMeasure success.
11:14:26 - Prism: 26 - C05, angleH: 234.488, angleV: 305.491, Distance: 712.034, Lockmode: Long Range Finelock Mode
11:14:44 - Prism: 26 - DoMeasure success.
11:14:44 - Prism: 27 - C06, angleH: 32.7371, angleV: 94.3285, Distance: 710.047, Lockmode: Long Range Finelock Mode
11:15:03 - Prism: 27 - DoMeasure success.
11:15:03 - Prism: 27 - C06, angleH: 232.737, angleV: 305.671, Distance: 710.047, Lockmode: Long Range Finelock Mode
11:15:15 - Prism: 27 - Domeasure failed (2031).
11:15:23 - RoundsOK is (1).
Failed to create ISsiServo interface.
11:15:24 - Exit from functin StartMonitoring.
