21:27:44 - Prism: 1 - stLval, angleH: 134.048, angleV: 170.765, Distance: 0.51, Lockmode: Autolock
21:27:59 - Prism: 1 - Target not Found
21:27:59 - Prism: 1 - Target not measured
21:28:04 - RoundsOK is (0).
21:28:08 - Exit from functin StartMonitoring.
21:28:24 - Starting Monitoring.
21:28:32 - Prism: 1 - stLval - Face 1 - not enabled
21:28:32 - Prism: 1 - stLval - Face 2 - not enabled
21:28:32 - Prism: 2 - ref100, angleH: 0.0115, angleV: 89.7952, Distance: 1091.49, Lockmode: Long Range Finelock Mode
21:28:54 - Prism: 2 - Domeasure failed (1002).
21:29:02 - RoundsOK is (0).
21:29:06 - Exit from functin StartMonitoring.
21:35:39 - Starting Monitoring.
21:35:47 - Prism: 1 - stLval - Face 1 - not enabled
21:35:47 - Prism: 1 - stLval - Face 2 - not enabled
21:35:47 - Prism: 2 - ref100, angleH: 0.0115, angleV: 89.7952, Distance: 1091.49, Lockmode: Long Range Finelock Mode
21:36:05 - Prism: 2 - DoMeasure success.
21:36:05 - Prism: 2 - ref100, angleH: 200.012, angleV: 310.205, Distance: 1091.49, Lockmode: Long Range Finelock Mode
21:36:24 - Prism: 2 - DoMeasure success.
21:36:24 - Prism: 3 - F02, angleH: 28.0867, angleV: 97.2297, Distance: 556.144, Lockmode: Long Range Finelock Mode
21:36:46 - Prism: 3 - Domeasure failed (1002).
21:36:46 - Prism: 3 - F02, angleH: 228.087, angleV: 302.77, Distance: 556.144, Lockmode: Long Range Finelock Mode
21:37:09 - Prism: 3 - Domeasure failed (1002).
21:37:09 - Prism: 4 - REF0200, angleH: 73.7947, angleV: 97.9128, Distance: 819.185, Lockmode: Long Range Finelock Mode
21:37:30 - Prism: 4 - DoMeasure success.
21:37:30 - Prism: 4 - REF0200, angleH: 273.795, angleV: 302.087, Distance: 819.185, Lockmode: Long Range Finelock Mode
21:37:49 - Prism: 4 - DoMeasure success.
21:37:49 - Prism: 5 - D014, angleH: 46.0388, angleV: 97.6663, Distance: 577.726, Lockmode: Long Range Finelock Mode
21:38:11 - Prism: 5 - Domeasure failed (1002).
21:38:11 - Prism: 5 - D014, angleH: 246.039, angleV: 302.334, Distance: 577.726, Lockmode: Long Range Finelock Mode
21:38:34 - Prism: 5 - Domeasure failed (1002).
21:38:34 - Prism: 6 - A015, angleH: 20.4082, angleV: 81.3884, Distance: 2328.78, Lockmode: Long Range Finelock Mode
21:38:54 - Prism: 6 - DoMeasure success.
21:38:54 - Prism: 6 - A015, angleH: 220.408, angleV: 318.612, Distance: 2328.78, Lockmode: Long Range Finelock Mode
21:39:12 - Prism: 6 - DoMeasure success.
21:39:12 - Prism: 7 - A016, angleH: 22.2227, angleV: 81.2121, Distance: 2324.48, Lockmode: Long Range Finelock Mode
21:39:32 - Prism: 7 - DoMeasure success.
21:39:32 - Prism: 7 - A016, angleH: 222.223, angleV: 318.788, Distance: 2324.48, Lockmode: Long Range Finelock Mode
21:39:51 - Prism: 7 - DoMeasure success.
21:39:51 - Prism: 8 - A013, angleH: 20.8733, angleV: 81.7409, Distance: 2235.91, Lockmode: Long Range Finelock Mode
21:40:09 - Prism: 8 - DoMeasure success.
21:40:10 - Prism: 8 - A013, angleH: 220.873, angleV: 318.259, Distance: 2235.91, Lockmode: Long Range Finelock Mode
21:40:29 - Prism: 8 - DoMeasure success.
21:40:29 - Prism: 9 - A014, angleH: 23.646, angleV: 81.7505, Distance: 2223.44, Lockmode: Long Range Finelock Mode
21:40:47 - Prism: 9 - DoMeasure success.
21:40:48 - Prism: 9 - A014, angleH: 223.646, angleV: 318.25, Distance: 2223.44, Lockmode: Long Range Finelock Mode
21:41:06 - Prism: 9 - DoMeasure success.
21:41:06 - Prism: 10 - A012, angleH: 21.264, angleV: 83.474, Distance: 1988.72, Lockmode: Long Range Finelock Mode
21:41:25 - Prism: 10 - DoMeasure success.
21:41:25 - Prism: 10 - A012, angleH: 221.264, angleV: 316.526, Distance: 1988.72, Lockmode: Long Range Finelock Mode
21:41:43 - Prism: 10 - DoMeasure success.
21:41:43 - Prism: 11 - A011, angleH: 24.8036, angleV: 83.8805, Distance: 1886.07, Lockmode: Long Range Finelock Mode
21:42:02 - Prism: 11 - DoMeasure success.
21:42:02 - Prism: 11 - A011, angleH: 224.804, angleV: 316.12, Distance: 1886.07, Lockmode: Long Range Finelock Mode
21:42:20 - Prism: 11 - DoMeasure success.
21:42:20 - Prism: 12 - A08, angleH: 30.8716, angleV: 83.2296, Distance: 1889.31, Lockmode: Long Range Finelock Mode
21:42:39 - Prism: 12 - DoMeasure success.
21:42:39 - Prism: 12 - A08, angleH: 230.872, angleV: 316.77, Distance: 1889.31, Lockmode: Long Range Finelock Mode
21:42:57 - Prism: 12 - DoMeasure success.
21:42:57 - Prism: 13 - A04, angleH: 17.1629, angleV: 85.9566, Distance: 1717, Lockmode: Long Range Finelock Mode
21:43:16 - Prism: 13 - DoMeasure success.
21:43:16 - Prism: 13 - A04, angleH: 217.163, angleV: 314.043, Distance: 1717, Lockmode: Long Range Finelock Mode
21:43:34 - Prism: 13 - DoMeasure success.
21:43:34 - Prism: 14 - A05, angleH: 18.4331, angleV: 85.8019, Distance: 1666.77, Lockmode: Long Range Finelock Mode
21:43:53 - Prism: 14 - DoMeasure success.
21:43:53 - Prism: 14 - A05, angleH: 218.433, angleV: 314.198, Distance: 1666.77, Lockmode: Long Range Finelock Mode
21:44:11 - Prism: 14 - DoMeasure success.
21:44:11 - Prism: 15 - A07, angleH: 28.2551, angleV: 85.6009, Distance: 1643.71, Lockmode: Long Range Finelock Mode
21:44:30 - Prism: 15 - DoMeasure success.
21:44:30 - Prism: 15 - A07, angleH: 228.255, angleV: 314.399, Distance: 1643.71, Lockmode: Long Range Finelock Mode
21:44:49 - Prism: 15 - DoMeasure success.
21:44:49 - Prism: 16 - A09, angleH: 26.7206, angleV: 87.2721, Distance: 1452.84, Lockmode: Long Range Finelock Mode
21:45:07 - Prism: 16 - DoMeasure success.
21:45:07 - Prism: 16 - A09, angleH: 226.721, angleV: 312.728, Distance: 1452.84, Lockmode: Long Range Finelock Mode
21:45:26 - Prism: 16 - DoMeasure success.
21:45:26 - Prism: 17 - A010, angleH: 31.8095, angleV: 87.2528, Distance: 1445.69, Lockmode: Long Range Finelock Mode
21:45:45 - Prism: 17 - DoMeasure success.
21:45:45 - Prism: 17 - A010, angleH: 231.81, angleV: 312.747, Distance: 1445.69, Lockmode: Long Range Finelock Mode
21:46:03 - Prism: 17 - DoMeasure success.
21:46:03 - Prism: 18 - A02, angleH: 36.394, angleV: 86.6457, Distance: 1460.77, Lockmode: Long Range Finelock Mode
21:46:22 - Prism: 18 - DoMeasure success.
21:46:22 - Prism: 18 - A02, angleH: 236.394, angleV: 313.354, Distance: 1460.77, Lockmode: Long Range Finelock Mode
21:46:41 - Prism: 18 - DoMeasure success.
21:46:41 - Prism: 19 - C02, angleH: 26.1602, angleV: 90.9752, Distance: 1015.34, Lockmode: Long Range Finelock Mode
21:46:59 - Prism: 19 - DoMeasure success.
21:47:00 - Prism: 19 - C02, angleH: 226.16, angleV: 309.025, Distance: 1015.34, Lockmode: Long Range Finelock Mode
21:47:19 - Prism: 19 - DoMeasure success.
21:47:19 - Prism: 20 - C01, angleH: 31.1817, angleV: 91.2202, Distance: 1049.66, Lockmode: Long Range Finelock Mode
21:47:38 - Prism: 20 - DoMeasure success.
21:47:38 - Prism: 20 - C01, angleH: 231.182, angleV: 308.78, Distance: 1049.66, Lockmode: Long Range Finelock Mode
21:47:56 - Prism: 20 - DoMeasure success.
21:47:56 - Prism: 21 - C03, angleH: 25.947, angleV: 92.3908, Distance: 899.554, Lockmode: Long Range Finelock Mode
21:48:15 - Prism: 21 - DoMeasure success.
21:48:15 - Prism: 21 - C03, angleH: 225.947, angleV: 307.609, Distance: 899.554, Lockmode: Long Range Finelock Mode
21:48:33 - Prism: 21 - DoMeasure success.
21:48:33 - Prism: 22 - C04, angleH: 30.8165, angleV: 92.5272, Distance: 868.678, Lockmode: Long Range Finelock Mode
21:48:52 - Prism: 22 - DoMeasure success.
21:48:52 - Prism: 22 - C04, angleH: 230.816, angleV: 307.473, Distance: 868.678, Lockmode: Long Range Finelock Mode
21:49:10 - Prism: 22 - DoMeasure success.
21:49:10 - Prism: 23 - D017, angleH: 23.383, angleV: 93.4638, Distance: 792.499, Lockmode: Long Range Finelock Mode
21:49:29 - Prism: 23 - DoMeasure success.
21:49:29 - Prism: 23 - D017, angleH: 223.383, angleV: 306.536, Distance: 792.499, Lockmode: Long Range Finelock Mode
21:49:47 - Prism: 23 - DoMeasure success.
21:49:47 - Prism: 24 - D018, angleH: 27.2731, angleV: 93.1846, Distance: 784.385, Lockmode: Long Range Finelock Mode
21:50:06 - Prism: 24 - DoMeasure success.
21:50:06 - Prism: 24 - D018, angleH: 227.273, angleV: 306.815, Distance: 784.385, Lockmode: Long Range Finelock Mode
21:50:24 - Prism: 24 - DoMeasure success.
21:50:24 - Prism: 25 - D019, angleH: 33.119, angleV: 93.7703, Distance: 771.886, Lockmode: Long Range Finelock Mode
21:50:42 - Prism: 25 - DoMeasure success.
21:50:42 - Prism: 25 - D019, angleH: 233.119, angleV: 306.23, Distance: 771.886, Lockmode: Long Range Finelock Mode
21:51:00 - Prism: 25 - DoMeasure success.
21:51:00 - Prism: 26 - C05, angleH: 34.4877, angleV: 94.5086, Distance: 712.034, Lockmode: Long Range Finelock Mode
21:51:19 - Prism: 26 - DoMeasure success.
21:51:19 - Prism: 26 - C05, angleH: 234.488, angleV: 305.491, Distance: 712.034, Lockmode: Long Range Finelock Mode
21:51:37 - Prism: 26 - DoMeasure success.
21:51:37 - Prism: 27 - C06, angleH: 32.7371, angleV: 94.3285, Distance: 710.047, Lockmode: Long Range Finelock Mode
21:51:56 - Prism: 27 - DoMeasure success.
21:51:56 - Prism: 27 - C06, angleH: 232.737, angleV: 305.671, Distance: 710.047, Lockmode: Long Range Finelock Mode
21:52:14 - Prism: 27 - DoMeasure success.
21:52:14 - Prism: 28 - C07, angleH: 30.8823, angleV: 94.219, Distance: 708.985, Lockmode: Long Range Finelock Mode
21:52:33 - Prism: 28 - DoMeasure success.
21:52:33 - Prism: 28 - C07, angleH: 230.882, angleV: 305.781, Distance: 708.985, Lockmode: Long Range Finelock Mode
21:52:52 - Prism: 28 - DoMeasure success.
21:52:52 - Prism: 29 - C08, angleH: 29.0071, angleV: 94.1726, Distance: 708.277, Lockmode: Long Range Finelock Mode
21:53:09 - Prism: 29 - DoMeasure success.
21:53:10 - Prism: 29 - C08, angleH: 229.007, angleV: 305.827, Distance: 708.277, Lockmode: Long Range Finelock Mode
21:53:28 - Prism: 29 - DoMeasure success.
21:53:28 - Prism: 30 - C09, angleH: 27.1704, angleV: 94.2004, Distance: 708.15, Lockmode: Long Range Finelock Mode
21:53:47 - Prism: 30 - DoMeasure success.
21:53:47 - Prism: 30 - C09, angleH: 227.17, angleV: 305.8, Distance: 708.15, Lockmode: Long Range Finelock Mode
21:54:05 - Prism: 30 - DoMeasure success.
21:54:05 - Prism: 31 - C012, angleH: 23.6784, angleV: 94.6776, Distance: 709.076, Lockmode: Long Range Finelock Mode
21:54:24 - Prism: 31 - DoMeasure success.
21:54:24 - Prism: 31 - C012, angleH: 223.678, angleV: 305.322, Distance: 709.076, Lockmode: Long Range Finelock Mode
21:54:43 - Prism: 31 - DoMeasure success.
21:54:43 - Prism: 32 - C013, angleH: 21.8844, angleV: 94.8065, Distance: 710.445, Lockmode: Long Range Finelock Mode
21:55:02 - Prism: 32 - DoMeasure success.
21:55:02 - Prism: 32 - C013, angleH: 221.884, angleV: 305.193, Distance: 710.445, Lockmode: Long Range Finelock Mode
21:55:20 - Prism: 32 - DoMeasure success.
21:55:20 - Prism: 33 - C014, angleH: 20.0779, angleV: 94.6965, Distance: 712.686, Lockmode: Long Range Finelock Mode
21:55:39 - Prism: 33 - DoMeasure success.
21:55:40 - Prism: 33 - C014, angleH: 220.078, angleV: 305.303, Distance: 712.686, Lockmode: Long Range Finelock Mode
21:55:58 - Prism: 33 - DoMeasure success.
21:55:58 - Prism: 34 - C015, angleH: 17.7297, angleV: 94.2236, Distance: 726.219, Lockmode: Long Range Finelock Mode
21:56:16 - Prism: 34 - DoMeasure success.
21:56:17 - Prism: 34 - C015, angleH: 217.73, angleV: 305.776, Distance: 726.219, Lockmode: Long Range Finelock Mode
21:56:35 - Prism: 34 - DoMeasure success.
21:56:35 - Prism: 35 - E01, angleH: 23.7022, angleV: 96.0208, Distance: 611.922, Lockmode: Long Range Finelock Mode
21:56:53 - Prism: 35 - DoMeasure success.
21:56:53 - Prism: 35 - E01, angleH: 223.702, angleV: 303.979, Distance: 611.922, Lockmode: Long Range Finelock Mode
21:57:11 - Prism: 35 - DoMeasure success.
21:57:11 - Prism: 36 - E02, angleH: 30.8301, angleV: 95.7946, Distance: 601.015, Lockmode: Long Range Finelock Mode
21:57:30 - Prism: 36 - DoMeasure success.
21:57:30 - Prism: 36 - E02, angleH: 230.83, angleV: 304.205, Distance: 601.015, Lockmode: Long Range Finelock Mode
21:57:47 - Prism: 36 - DoMeasure success.
21:57:47 - Prism: 37 - D013, angleH: 37.4005, angleV: 97.67, Distance: 572.08, Lockmode: Long Range Finelock Mode
21:58:06 - Prism: 37 - DoMeasure success.
21:58:07 - Prism: 37 - D013, angleH: 237.4, angleV: 302.33, Distance: 572.08, Lockmode: Long Range Finelock Mode
21:58:25 - Prism: 37 - DoMeasure success.
21:58:25 - Prism: 38 - E06, angleH: 33.8396, angleV: 98.7909, Distance: 543.559, Lockmode: Long Range Finelock Mode
21:58:43 - Prism: 38 - DoMeasure success.
21:58:44 - Prism: 38 - E06, angleH: 233.84, angleV: 301.209, Distance: 543.559, Lockmode: Long Range Finelock Mode
21:59:01 - Prism: 38 - DoMeasure success.
21:59:01 - Prism: 39 - F03, angleH: 26.1045, angleV: 97.9348, Distance: 533.16, Lockmode: Long Range Finelock Mode
21:59:19 - Prism: 39 - DoMeasure success.
21:59:20 - Prism: 39 - F03, angleH: 226.105, angleV: 302.065, Distance: 533.16, Lockmode: Long Range Finelock Mode
21:59:38 - Prism: 39 - DoMeasure success.
21:59:38 - Prism: 40 - D015, angleH: 19.6758, angleV: 96.6789, Distance: 576.729, Lockmode: Long Range Finelock Mode
21:59:57 - Prism: 40 - DoMeasure success.
21:59:57 - Prism: 40 - D015, angleH: 219.676, angleV: 303.321, Distance: 576.729, Lockmode: Long Range Finelock Mode
22:00:16 - Prism: 40 - DoMeasure success.
22:00:16 - Prism: 41 - F07, angleH: 19.2587, angleV: 99.1965, Distance: 497.064, Lockmode: Long Range Finelock Mode
22:00:35 - Prism: 41 - DoMeasure success.
22:00:35 - Prism: 41 - F07, angleH: 219.259, angleV: 300.803, Distance: 497.064, Lockmode: Long Range Finelock Mode
22:00:52 - Prism: 41 - DoMeasure success.
22:00:52 - Prism: 42 - E03, angleH: 23.7713, angleV: 99.1818, Distance: 506.001, Lockmode: Long Range Finelock Mode
22:01:11 - Prism: 42 - DoMeasure success.
22:01:11 - Prism: 42 - E03, angleH: 223.771, angleV: 300.818, Distance: 506.001, Lockmode: Long Range Finelock Mode
22:01:29 - Prism: 42 - DoMeasure success.
22:01:29 - Prism: 43 - F08, angleH: 33.2077, angleV: 101.044, Distance: 480.376, Lockmode: Long Range Finelock Mode
22:01:47 - Prism: 43 - DoMeasure success.
22:01:47 - Prism: 43 - F08, angleH: 233.208, angleV: 298.956, Distance: 480.376, Lockmode: Long Range Finelock Mode
22:02:06 - Prism: 43 - DoMeasure success.
22:02:06 - Prism: 44 - E05, angleH: 36.2579, angleV: 101.318, Distance: 478.633, Lockmode: Long Range Finelock Mode
22:02:24 - Prism: 44 - DoMeasure success.
22:02:24 - Prism: 44 - E05, angleH: 236.258, angleV: 298.682, Distance: 478.633, Lockmode: Long Range Finelock Mode
22:02:42 - Prism: 44 - DoMeasure success.
22:02:42 - Prism: 45 - D012, angleH: 44.7371, angleV: 101.694, Distance: 476.717, Lockmode: Long Range Finelock Mode
22:03:00 - Prism: 45 - DoMeasure success.
22:03:01 - Prism: 45 - D012, angleH: 244.737, angleV: 298.306, Distance: 476.717, Lockmode: Long Range Finelock Mode
22:03:19 - Prism: 45 - DoMeasure success.
22:03:19 - Prism: 46 - F09, angleH: 39.5513, angleV: 104.783, Distance: 417.459, Lockmode: Long Range Finelock Mode
22:03:37 - Prism: 46 - DoMeasure success.
22:03:37 - Prism: 46 - F09, angleH: 239.551, angleV: 295.217, Distance: 417.459, Lockmode: Long Range Finelock Mode
22:03:55 - Prism: 46 - DoMeasure success.
22:03:55 - Prism: 47 - F05, angleH: 27.0866, angleV: 104.166, Distance: 407.93, Lockmode: Long Range Finelock Mode
22:04:13 - Prism: 47 - DoMeasure success.
22:04:13 - Prism: 47 - F05, angleH: 227.087, angleV: 295.834, Distance: 407.93, Lockmode: Long Range Finelock Mode
22:04:31 - Prism: 47 - DoMeasure success.
22:04:31 - Prism: 48 - F04, angleH: 22.3684, angleV: 103.584, Distance: 409.812, Lockmode: Long Range Finelock Mode
22:04:49 - Prism: 48 - DoMeasure success.
22:04:49 - Prism: 48 - F04, angleH: 222.368, angleV: 296.416, Distance: 409.812, Lockmode: Long Range Finelock Mode
22:05:08 - Prism: 48 - DoMeasure success.
22:05:08 - Prism: 49 - F06, angleH: 25.9994, angleV: 108.298, Distance: 348.565, Lockmode: Finelock Mode
22:05:22 - Prism: 49 - DoMeasure success.
22:05:22 - Prism: 49 - F06, angleH: 225.999, angleV: 291.702, Distance: 348.565, Lockmode: Finelock Mode
22:05:34 - Prism: 49 - DoMeasure success.
22:05:34 - Prism: 50 - F010, angleH: 38.6597, angleV: 107.947, Distance: 369.253, Lockmode: Finelock Mode
22:05:46 - Prism: 50 - DoMeasure success.
22:05:46 - Prism: 50 - F010, angleH: 238.66, angleV: 292.053, Distance: 369.253, Lockmode: Finelock Mode
22:05:55 - Prism: 50 - Domeasure failed (2003).
22:05:55 - Prism: 51 - E04, angleH: 27.9135, angleV: 108.855, Distance: 346.759, Lockmode: Finelock Mode
22:06:10 - Prism: 51 - DoMeasure success.
22:06:10 - Prism: 51 - E04, angleH: 227.913, angleV: 291.145, Distance: 346.759, Lockmode: Finelock Mode
22:06:22 - Prism: 51 - DoMeasure success.
22:06:22 - Prism: 52 - D016, angleH: 46.5, angleV: 105.716, Distance: 386.059, Lockmode: Finelock Mode
22:06:35 - Prism: 52 - DoMeasure success.
22:06:35 - Prism: 52 - D016, angleH: 246.5, angleV: 294.284, Distance: 386.059, Lockmode: Finelock Mode
22:06:47 - Prism: 52 - DoMeasure success.
22:06:47 - Prism: 53 - REF_F02, angleH: 28.0882, angleV: 97.0788, Distance: 556.198, Lockmode: Long Range Finelock Mode
22:07:06 - Prism: 53 - DoMeasure success.
22:07:06 - Prism: 53 - REF_F02, angleH: 228.088, angleV: 302.921, Distance: 556.198, Lockmode: Long Range Finelock Mode
22:07:25 - Prism: 53 - DoMeasure success.
22:07:25 - Prism: 54 - REF_D014, angleH: 46.0412, angleV: 97.4979, Distance: 577.79, Lockmode: Long Range Finelock Mode
22:07:43 - Prism: 54 - DoMeasure success.
22:07:43 - Prism: 54 - REF_D014, angleH: 246.041, angleV: 302.502, Distance: 577.79, Lockmode: Long Range Finelock Mode
22:08:01 - Prism: 54 - DoMeasure success.
22:08:01 - Prism: 55 - A06, angleH: 23.2588, angleV: 85.7158, Distance: 1635.13, Lockmode: Long Range Finelock Mode
22:08:20 - Prism: 55 - DoMeasure success.
22:08:20 - Prism: 55 - A06, angleH: 223.259, angleV: 314.284, Distance: 1635.13, Lockmode: Long Range Finelock Mode
22:08:39 - Prism: 55 - DoMeasure success.
22:08:39 - Prism: 56 - A03, angleH: 15.0485, angleV: 87.025, Distance: 1490.26, Lockmode: Long Range Finelock Mode
22:08:58 - Prism: 56 - DoMeasure success.
22:08:58 - Prism: 56 - A03, angleH: 215.048, angleV: 312.975, Distance: 1490.26, Lockmode: Long Range Finelock Mode
22:09:18 - Prism: 56 - DoMeasure success.
22:09:27 - Prism: 1 - stLval - Face 1 - not enabled
22:09:27 - Prism: 1 - stLval - Face 2 - not enabled
22:09:27 - Prism: 2 - ref100, angleH: 0.0115, angleV: 89.7952, Distance: 1091.49, Lockmode: Long Range Finelock Mode
22:09:46 - Prism: 2 - DoMeasure success.
22:09:46 - Prism: 2 - ref100, angleH: 200.012, angleV: 310.205, Distance: 1091.49, Lockmode: Long Range Finelock Mode
22:10:04 - Prism: 2 - DoMeasure success.
22:10:04 - Prism: 3 - F02, angleH: 28.0867, angleV: 97.2297, Distance: 556.144, Lockmode: Long Range Finelock Mode
22:10:26 - Prism: 3 - Domeasure failed (1002).
22:10:26 - Prism: 3 - F02, angleH: 228.087, angleV: 302.77, Distance: 556.144, Lockmode: Long Range Finelock Mode
22:10:49 - Prism: 3 - Domeasure failed (1002).
22:10:57 - RoundsOK is (0).
22:11:02 - Exit from functin StartMonitoring.
